2019-03-04 16:17:04.387852 [utc:1551687424] [info] src/askcoin.cpp:137 start askcoin, version: 0.0.1, verno: 1, git_sha1: 
2019-03-04 16:17:04.387889 [utc:1551687424] [info] src/askcoin.cpp:53 Using the 'standard' SHA256 implementation
2019-03-04 16:17:04.387948 [utc:1551687424] [info] src/random.cpp:91 Using RdRand as an additional entropy source
2019-03-04 16:17:04.425612 [utc:1551687424] [info] src/blockchain.cpp:1577 verify __asic_resistant_data__ ok
2019-03-04 16:17:04.467784 [utc:1551687424] [info] src/blockchain.cpp:1705 genesis block: {"hash":"zM9M0jTCRJKnhU+RIbPUCqFPCKYwUO9n6gLrAeMLBKE=","sign":"MEQCIAe9Demds6XNev/smZ4QkOcwgwTLjZP2gsAOwmd6OEEhAiB8dDdN3YJYQJjxvQFN/WxcE5Fx1kA7MwTQ/UmycVS98w==","data":{"id":0,"utc":1518926400,"version":1,"zero_bits":0,"intro":"Askcoin is a gift for those who love freedom.","init_account":{"account":"lichuan","id":1,"avatar":1,"pubkey":"BH6PNUv9anrjG9GekAd+nus+emyYm1ClCT0gIut1O7A3w6uRl7dAihcD8HvKh+IpOopcgQAzkYxQZ+cxT+32WdM="},"author":{"name":"Chuan Li","country":"China","github":"https://github.com/lichuan","mail":"308831759@qq.com","belief":"In the beginning, God created the heavens and the earth."}},"children":[]}
2019-03-04 16:17:04.472021 [utc:1551687424] [info] src/blockchain.cpp:3504 load block finished, zero_bits: 0, cur_block_id: 0, cur_block_hash: zM9M0jTCRJKnhU+RIbPUCqFPCKYwUO9n6gLrAeMLBKE= (hex: cccf4cd234c24492a7854f9121b3d40aa14f08a63050ef67ea02eb01e30b04a1)
2019-03-04 16:17:04.472041 [utc:1551687424] [info] src/blockchain.cpp:3545 peer score data from leveldb: {"utc":1551687424,"peers":[]}
2019-03-04 16:17:04.472258 [utc:1551687424] [info] src/net/p2p/node.cpp:43 start p2p node success
2019-03-04 16:17:04.472424 [utc:1551687424] [info] src/net/api/wsock_node.cpp:38 start websocket node success
2019-03-04 16:17:04.472476 [utc:1551687424] [info] src/askcoin.cpp:363 Congratulations, start askcoin success!!!
2019-03-04 16:17:04.472491 [utc:1551687424] [info] src/net/p2p/node.cpp:161 try to connect peer from peer_score node1.askcoin.me:18050
2019-03-04 16:17:04.805642 [utc:1551687424] [info] src/fly/net/client.cpp:113 resolve ip success in client::connect host: node1.askcoin.me, ip: 80.85.84.155
2019-03-04 16:17:05.037880 [utc:1551687425] [info] src/net/p2p/node.cpp:165 connect to peer (node1.askcoin.me:18050) success
2019-03-04 16:17:05.037949 [utc:1551687425] [info] src/net/p2p/node.cpp:161 try to connect peer from peer_score node2.askcoin.me:18050
2019-03-04 16:17:05.273839 [utc:1551687425] [info] src/net/p2p/node.cpp:550 unreg peer (m_state:1) recv message cmd REG_RSP, version:1, id:1454639, key:3515610531 from node1.askcoin.me:18050
2019-03-04 16:17:05.434124 [utc:1551687425] [info] src/fly/net/client.cpp:113 resolve ip success in client::connect host: node2.askcoin.me, ip: 172.104.160.8
2019-03-04 16:17:05.623565 [utc:1551687425] [info] src/net/p2p/node.cpp:165 connect to peer (node2.askcoin.me:18050) success
2019-03-04 16:17:05.815398 [utc:1551687425] [info] src/net/p2p/node.cpp:550 unreg peer (m_state:1) recv message cmd REG_RSP, version:1, id:924122, key:691823643 from node2.askcoin.me:18050
2019-03-04 16:17:06.272335 [utc:1551687426] [info] src/net/p2p/node.cpp:996 close connection from node1.askcoin.me:18050 be closed
2019-03-04 16:17:06.272413 [utc:1551687426] [info] src/net/p2p/node.cpp:1011 unreg peer (node1.askcoin.me:18050) be closed
2019-03-04 16:17:06.624388 [utc:1551687426] [info] src/net/p2p/node.cpp:161 try to connect peer from peer_score node1.askcoin.me:18050
2019-03-04 16:17:06.630136 [utc:1551687426] [info] src/fly/net/client.cpp:113 resolve ip success in client::connect host: node1.askcoin.me, ip: 80.85.84.155
2019-03-04 16:17:06.815987 [utc:1551687426] [info] src/net/p2p/node.cpp:996 close connection from node2.askcoin.me:18050 be closed
2019-03-04 16:17:06.816068 [utc:1551687426] [info] src/net/p2p/node.cpp:1011 unreg peer (node2.askcoin.me:18050) be closed
2019-03-04 16:17:06.863001 [utc:1551687426] [info] src/net/p2p/node.cpp:165 connect to peer (node1.askcoin.me:18050) success
2019-03-04 16:17:06.863079 [utc:1551687426] [info] src/net/p2p/node.cpp:161 try to connect peer from peer_score node2.askcoin.me:18050
2019-03-04 16:17:06.867119 [utc:1551687426] [info] src/fly/net/client.cpp:113 resolve ip success in client::connect host: node2.askcoin.me, ip: 172.104.160.8
2019-03-04 16:17:07.098245 [utc:1551687427] [info] src/net/p2p/node.cpp:550 unreg peer (m_state:1) recv message cmd REG_RSP, version:1, id:1454643, key:1539360382 from node1.askcoin.me:18050
2019-03-04 16:17:07.130076 [utc:1551687427] [info] src/net/p2p/node.cpp:165 connect to peer (node2.askcoin.me:18050) success
2019-03-04 16:17:07.398623 [utc:1551687427] [info] src/net/p2p/node.cpp:550 unreg peer (m_state:1) recv message cmd REG_RSP, version:1, id:924125, key:825081758 from node2.askcoin.me:18050
2019-03-04 16:17:08.096228 [utc:1551687428] [info] src/net/p2p/node.cpp:996 close connection from node1.askcoin.me:18050 be closed
2019-03-04 16:17:08.096488 [utc:1551687428] [info] src/net/p2p/node.cpp:1011 unreg peer (node1.askcoin.me:18050) be closed
2019-03-04 16:17:08.130352 [utc:1551687428] [info] src/net/p2p/node.cpp:161 try to connect peer from peer_score node1.askcoin.me:18050
2019-03-04 16:17:08.134710 [utc:1551687428] [info] src/fly/net/client.cpp:113 resolve ip success in client::connect host: node1.askcoin.me, ip: 80.85.84.155
2019-03-04 16:17:08.415497 [utc:1551687428] [info] src/net/p2p/node.cpp:996 close connection from node2.askcoin.me:18050 be closed
2019-03-04 16:17:08.415588 [utc:1551687428] [info] src/net/p2p/node.cpp:1011 unreg peer (node2.askcoin.me:18050) be closed
2019-03-04 16:17:08.421438 [utc:1551687428] [info] src/net/p2p/node.cpp:165 connect to peer (node1.askcoin.me:18050) success
2019-03-04 16:17:08.421499 [utc:1551687428] [info] src/net/p2p/node.cpp:161 try to connect peer from peer_score node2.askcoin.me:18050
2019-03-04 16:17:08.425191 [utc:1551687428] [info] src/fly/net/client.cpp:113 resolve ip success in client::connect host: node2.askcoin.me, ip: 172.104.160.8
2019-03-04 16:17:08.686762 [utc:1551687428] [info] src/net/p2p/node.cpp:165 connect to peer (node2.askcoin.me:18050) success
2019-03-04 16:17:08.950786 [utc:1551687428] [info] src/net/p2p/node.cpp:550 unreg peer (m_state:1) recv message cmd REG_RSP, version:1, id:924127, key:426287403 from node2.askcoin.me:18050
2019-03-04 16:17:09.953413 [utc:1551687429] [info] src/net/p2p/node.cpp:996 close connection from node2.askcoin.me:18050 be closed
2019-03-04 16:17:09.953451 [utc:1551687429] [info] src/net/p2p/node.cpp:1011 unreg peer (node2.askcoin.me:18050) be closed
2019-03-04 16:17:10.696102 [utc:1551687430] [info] src/net/p2p/node.cpp:161 try to connect peer from peer_score node2.askcoin.me:18050
2019-03-04 16:17:10.698666 [utc:1551687430] [info] src/fly/net/client.cpp:113 resolve ip success in client::connect host: node2.askcoin.me, ip: 172.104.160.8
2019-03-04 16:17:10.904139 [utc:1551687430] [info] src/net/p2p/node.cpp:165 connect to peer (node2.askcoin.me:18050) success
2019-03-04 16:17:11.049756 [utc:1551687431] [info] src/net/p2p/node.cpp:996 close connection from node1.askcoin.me:18050 be closed
2019-03-04 16:17:11.049845 [utc:1551687431] [info] src/net/p2p/node.cpp:1011 unreg peer (node1.askcoin.me:18050) be closed
2019-03-04 16:17:11.118488 [utc:1551687431] [info] src/net/p2p/node.cpp:550 unreg peer (m_state:1) recv message cmd REG_RSP, version:1, id:924129, key:2990184090 from node2.askcoin.me:18050
2019-03-04 16:17:11.905457 [utc:1551687431] [info] src/net/p2p/node.cpp:161 try to connect peer from peer_score node1.askcoin.me:18050
2019-03-04 16:17:11.907801 [utc:1551687431] [info] src/fly/net/client.cpp:113 resolve ip success in client::connect host: node1.askcoin.me, ip: 80.85.84.155
2019-03-04 16:17:12.122114 [utc:1551687432] [info] src/net/p2p/node.cpp:996 close connection from node2.askcoin.me:18050 be closed
2019-03-04 16:17:12.122195 [utc:1551687432] [info] src/net/p2p/node.cpp:1011 unreg peer (node2.askcoin.me:18050) be closed
2019-03-04 16:17:12.143904 [utc:1551687432] [info] src/net/p2p/node.cpp:165 connect to peer (node1.askcoin.me:18050) success
2019-03-04 16:17:12.144003 [utc:1551687432] [info] src/net/p2p/node.cpp:161 try to connect peer from peer_score node2.askcoin.me:18050
2019-03-04 16:17:12.148160 [utc:1551687432] [info] src/fly/net/client.cpp:113 resolve ip success in client::connect host: node2.askcoin.me, ip: 172.104.160.8
2019-03-04 16:17:12.375149 [utc:1551687432] [info] src/net/p2p/node.cpp:550 unreg peer (m_state:1) recv message cmd REG_RSP, version:1, id:1454650, key:2469057817 from node1.askcoin.me:18050
2019-03-04 16:17:13.153964 [utc:1551687433] [error] src/fly/net/client.cpp:140 connect failed, poll timeout
2019-03-04 16:17:13.154072 [utc:1551687433] [error] src/net/p2p/node.cpp:169 connect to peer (node2.askcoin.me:18050) failed
2019-03-04 16:17:13.377397 [utc:1551687433] [info] src/net/p2p/node.cpp:996 close connection from node1.askcoin.me:18050 be closed
2019-03-04 16:17:13.377469 [utc:1551687433] [info] src/net/p2p/node.cpp:1011 unreg peer (node1.askcoin.me:18050) be closed
2019-03-04 16:17:14.154855 [utc:1551687434] [info] src/net/p2p/node.cpp:161 try to connect peer from peer_score node1.askcoin.me:18050
2019-03-04 16:17:14.157486 [utc:1551687434] [info] src/fly/net/client.cpp:113 resolve ip success in client::connect host: node1.askcoin.me, ip: 80.85.84.155
2019-03-04 16:17:14.400281 [utc:1551687434] [info] src/net/p2p/node.cpp:6096 return at function: broadcast
2019-03-04 16:17:14.445269 [utc:1551687434] [info] src/net/p2p/node.cpp:165 connect to peer (node1.askcoin.me:18050) success
2019-03-04 16:17:14.445535 [utc:1551687434] [info] src/net/p2p/node.cpp:161 try to connect peer from peer_score node2.askcoin.me:18050
2019-03-04 16:17:14.449042 [utc:1551687434] [info] src/fly/net/client.cpp:113 resolve ip success in client::connect host: node2.askcoin.me, ip: 172.104.160.8
2019-03-04 16:17:14.695055 [utc:1551687434] [info] src/net/p2p/node.cpp:165 connect to peer (node2.askcoin.me:18050) success
2019-03-04 16:17:14.735302 [utc:1551687434] [info] src/net/p2p/node.cpp:550 unreg peer (m_state:1) recv message cmd REG_RSP, version:1, id:1454655, key:3012017121 from node1.askcoin.me:18050
2019-03-04 16:17:14.938507 [utc:1551687434] [info] src/net/p2p/node.cpp:550 unreg peer (m_state:1) recv message cmd REG_RSP, version:1, id:924136, key:1292886555 from node2.askcoin.me:18050
2019-03-04 16:17:15.735360 [utc:1551687435] [info] src/net/p2p/node.cpp:996 close connection from node1.askcoin.me:18050 be closed
2019-03-04 16:17:15.735505 [utc:1551687435] [info] src/net/p2p/node.cpp:1011 unreg peer (node1.askcoin.me:18050) be closed
2019-03-04 16:17:15.948168 [utc:1551687435] [info] src/net/p2p/node.cpp:996 close connection from node2.askcoin.me:18050 be closed
2019-03-04 16:17:15.948251 [utc:1551687435] [info] src/net/p2p/node.cpp:1011 unreg peer (node2.askcoin.me:18050) be closed
2019-03-04 16:17:16.714452 [utc:1551687436] [info] src/net/p2p/node.cpp:161 try to connect peer from peer_score node2.askcoin.me:18050
2019-03-04 16:17:16.716733 [utc:1551687436] [info] src/fly/net/client.cpp:113 resolve ip success in client::connect host: node2.askcoin.me, ip: 172.104.160.8
2019-03-04 16:17:16.910258 [utc:1551687436] [info] src/net/p2p/node.cpp:165 connect to peer (node2.askcoin.me:18050) success
2019-03-04 16:17:16.910342 [utc:1551687436] [info] src/net/p2p/node.cpp:161 try to connect peer from peer_score node1.askcoin.me:18050
2019-03-04 16:17:16.914484 [utc:1551687436] [info] src/fly/net/client.cpp:113 resolve ip success in client::connect host: node1.askcoin.me, ip: 80.85.84.155
2019-03-04 16:17:17.106228 [utc:1551687437] [info] src/net/p2p/node.cpp:550 unreg peer (m_state:1) recv message cmd REG_RSP, version:1, id:924140, key:3110716011 from node2.askcoin.me:18050
2019-03-04 16:17:17.150381 [utc:1551687437] [info] src/net/p2p/node.cpp:165 connect to peer (node1.askcoin.me:18050) success
2019-03-04 16:17:17.385176 [utc:1551687437] [info] src/net/p2p/node.cpp:550 unreg peer (m_state:1) recv message cmd REG_RSP, version:1, id:1454660, key:1421065724 from node1.askcoin.me:18050
2019-03-04 16:17:18.114500 [utc:1551687438] [info] src/net/p2p/node.cpp:996 close connection from node2.askcoin.me:18050 be closed
2019-03-04 16:17:18.114638 [utc:1551687438] [info] src/net/p2p/node.cpp:1011 unreg peer (node2.askcoin.me:18050) be closed
2019-03-04 16:17:18.150956 [utc:1551687438] [info] src/net/p2p/node.cpp:161 try to connect peer from peer_score node2.askcoin.me:18050
2019-03-04 16:17:18.153491 [utc:1551687438] [info] src/fly/net/client.cpp:113 resolve ip success in client::connect host: node2.askcoin.me, ip: 172.104.160.8
2019-03-04 16:17:18.385700 [utc:1551687438] [info] src/net/p2p/node.cpp:996 close connection from node1.askcoin.me:18050 be closed
2019-03-04 16:17:18.385772 [utc:1551687438] [info] src/net/p2p/node.cpp:1011 unreg peer (node1.askcoin.me:18050) be closed
2019-03-04 16:17:18.408769 [utc:1551687438] [info] src/net/p2p/node.cpp:165 connect to peer (node2.askcoin.me:18050) success
2019-03-04 16:17:18.408794 [utc:1551687438] [info] src/net/p2p/node.cpp:161 try to connect peer from peer_score node1.askcoin.me:18050
2019-03-04 16:17:18.410395 [utc:1551687438] [info] src/fly/net/client.cpp:113 resolve ip success in client::connect host: node1.askcoin.me, ip: 80.85.84.155
2019-03-04 16:17:18.643912 [utc:1551687438] [info] src/net/p2p/node.cpp:165 connect to peer (node1.askcoin.me:18050) success
2019-03-04 16:17:18.657567 [utc:1551687438] [info] src/net/p2p/node.cpp:550 unreg peer (m_state:1) recv message cmd REG_RSP, version:1, id:924145, key:3733609482 from node2.askcoin.me:18050
2019-03-04 16:17:18.879802 [utc:1551687438] [info] src/net/p2p/node.cpp:550 unreg peer (m_state:1) recv message cmd REG_RSP, version:1, id:1454662, key:3662329714 from node1.askcoin.me:18050
2019-03-04 16:17:19.659849 [utc:1551687439] [info] src/net/p2p/node.cpp:996 close connection from node2.askcoin.me:18050 be closed
2019-03-04 16:17:19.659929 [utc:1551687439] [info] src/net/p2p/node.cpp:1011 unreg peer (node2.askcoin.me:18050) be closed
2019-03-04 16:17:19.880143 [utc:1551687439] [info] src/net/p2p/node.cpp:996 close connection from node1.askcoin.me:18050 be closed
2019-03-04 16:17:19.880420 [utc:1551687439] [info] src/net/p2p/node.cpp:1011 unreg peer (node1.askcoin.me:18050) be closed
2019-03-04 16:17:20.645700 [utc:1551687440] [info] src/net/p2p/node.cpp:161 try to connect peer from peer_score node2.askcoin.me:18050
2019-03-04 16:17:20.649807 [utc:1551687440] [info] src/fly/net/client.cpp:113 resolve ip success in client::connect host: node2.askcoin.me, ip: 172.104.160.8
2019-03-04 16:17:20.904198 [utc:1551687440] [info] src/net/p2p/node.cpp:165 connect to peer (node2.askcoin.me:18050) success
2019-03-04 16:17:20.904254 [utc:1551687440] [info] src/net/p2p/node.cpp:161 try to connect peer from peer_score node1.askcoin.me:18050
2019-03-04 16:17:20.906570 [utc:1551687440] [info] src/fly/net/client.cpp:113 resolve ip success in client::connect host: node1.askcoin.me, ip: 80.85.84.155
2019-03-04 16:17:21.137630 [utc:1551687441] [info] src/net/p2p/node.cpp:165 connect to peer (node1.askcoin.me:18050) success
2019-03-04 16:17:21.165584 [utc:1551687441] [info] src/net/p2p/node.cpp:550 unreg peer (m_state:1) recv message cmd REG_RSP, version:1, id:924147, key:2276130641 from node2.askcoin.me:18050
2019-03-04 16:17:21.368685 [utc:1551687441] [info] src/net/p2p/node.cpp:550 unreg peer (m_state:1) recv message cmd REG_RSP, version:1, id:1454668, key:2475731028 from node1.askcoin.me:18050
2019-03-04 16:17:22.174498 [utc:1551687442] [info] src/net/p2p/node.cpp:996 close connection from node2.askcoin.me:18050 be closed
2019-03-04 16:17:22.174580 [utc:1551687442] [info] src/net/p2p/node.cpp:1011 unreg peer (node2.askcoin.me:18050) be closed
2019-03-04 16:17:22.369767 [utc:1551687442] [info] src/net/p2p/node.cpp:996 close connection from node1.askcoin.me:18050 be closed
2019-03-04 16:17:22.370141 [utc:1551687442] [info] src/net/p2p/node.cpp:1011 unreg peer (node1.askcoin.me:18050) be closed
2019-03-04 16:17:23.138555 [utc:1551687443] [info] src/net/p2p/node.cpp:161 try to connect peer from peer_score node1.askcoin.me:18050
2019-03-04 16:17:23.141737 [utc:1551687443] [info] src/fly/net/client.cpp:113 resolve ip success in client::connect host: node1.askcoin.me, ip: 80.85.84.155
2019-03-04 16:17:23.358578 [utc:1551687443] [info] src/net/p2p/node.cpp:165 connect to peer (node1.askcoin.me:18050) success
2019-03-04 16:17:23.358652 [utc:1551687443] [info] src/net/p2p/node.cpp:161 try to connect peer from peer_score node2.askcoin.me:18050
2019-03-04 16:17:23.361433 [utc:1551687443] [info] src/fly/net/client.cpp:113 resolve ip success in client::connect host: node2.askcoin.me, ip: 172.104.160.8
2019-03-04 16:17:23.546212 [utc:1551687443] [info] src/net/p2p/node.cpp:165 connect to peer (node2.askcoin.me:18050) success
2019-03-04 16:17:23.576340 [utc:1551687443] [info] src/net/p2p/node.cpp:550 unreg peer (m_state:1) recv message cmd REG_RSP, version:1, id:1454670, key:4155852145 from node1.askcoin.me:18050
2019-03-04 16:17:23.732778 [utc:1551687443] [info] src/net/p2p/node.cpp:550 unreg peer (m_state:1) recv message cmd REG_RSP, version:1, id:924151, key:992954136 from node2.askcoin.me:18050
2019-03-04 16:17:24.403097 [utc:1551687444] [info] src/net/p2p/node.cpp:6096 return at function: broadcast
2019-03-04 16:17:24.578860 [utc:1551687444] [info] src/net/p2p/node.cpp:996 close connection from node1.askcoin.me:18050 be closed
2019-03-04 16:17:24.578915 [utc:1551687444] [info] src/net/p2p/node.cpp:1011 unreg peer (node1.askcoin.me:18050) be closed
2019-03-04 16:17:24.747298 [utc:1551687444] [info] src/net/p2p/node.cpp:996 close connection from node2.askcoin.me:18050 be closed
2019-03-04 16:17:24.747453 [utc:1551687444] [info] src/net/p2p/node.cpp:1011 unreg peer (node2.askcoin.me:18050) be closed
2019-03-04 16:17:25.550661 [utc:1551687445] [info] src/net/p2p/node.cpp:161 try to connect peer from peer_score node1.askcoin.me:18050
2019-03-04 16:17:25.553683 [utc:1551687445] [info] src/fly/net/client.cpp:113 resolve ip success in client::connect host: node1.askcoin.me, ip: 80.85.84.155
2019-03-04 16:17:25.838657 [utc:1551687445] [info] src/net/p2p/node.cpp:165 connect to peer (node1.askcoin.me:18050) success
2019-03-04 16:17:25.838760 [utc:1551687445] [info] src/net/p2p/node.cpp:161 try to connect peer from peer_score node2.askcoin.me:18050
2019-03-04 16:17:25.845156 [utc:1551687445] [info] src/fly/net/client.cpp:113 resolve ip success in client::connect host: node2.askcoin.me, ip: 172.104.160.8
2019-03-04 16:17:26.124287 [utc:1551687446] [info] src/net/p2p/node.cpp:550 unreg peer (m_state:1) recv message cmd REG_RSP, version:1, id:1454676, key:4259444725 from node1.askcoin.me:18050
2019-03-04 16:17:26.124813 [utc:1551687446] [info] src/net/p2p/node.cpp:165 connect to peer (node2.askcoin.me:18050) success
2019-03-04 16:17:26.416002 [utc:1551687446] [info] src/net/p2p/node.cpp:550 unreg peer (m_state:1) recv message cmd REG_RSP, version:1, id:924154, key:153737214 from node2.askcoin.me:18050
2019-03-04 16:17:27.125232 [utc:1551687447] [info] src/net/p2p/node.cpp:996 close connection from node1.askcoin.me:18050 be closed
2019-03-04 16:17:27.125315 [utc:1551687447] [info] src/net/p2p/node.cpp:1011 unreg peer (node1.askcoin.me:18050) be closed
2019-03-04 16:17:27.125397 [utc:1551687447] [info] src/net/p2p/node.cpp:161 try to connect peer from peer_score node1.askcoin.me:18050
2019-03-04 16:17:27.127954 [utc:1551687447] [info] src/fly/net/client.cpp:113 resolve ip success in client::connect host: node1.askcoin.me, ip: 80.85.84.155
2019-03-04 16:17:27.409895 [utc:1551687447] [info] src/net/p2p/node.cpp:165 connect to peer (node1.askcoin.me:18050) success
2019-03-04 16:17:27.413166 [utc:1551687447] [info] src/net/p2p/node.cpp:996 close connection from node2.askcoin.me:18050 be closed
2019-03-04 16:17:27.413236 [utc:1551687447] [info] src/net/p2p/node.cpp:1011 unreg peer (node2.askcoin.me:18050) be closed
2019-03-04 16:17:27.693416 [utc:1551687447] [info] src/net/p2p/node.cpp:550 unreg peer (m_state:1) recv message cmd REG_RSP, version:1, id:1454679, key:197142223 from node1.askcoin.me:18050
2019-03-04 16:17:28.411049 [utc:1551687448] [info] src/net/p2p/node.cpp:161 try to connect peer from peer_score node2.askcoin.me:18050
2019-03-04 16:17:28.414376 [utc:1551687448] [info] src/fly/net/client.cpp:113 resolve ip success in client::connect host: node2.askcoin.me, ip: 172.104.160.8
2019-03-04 16:17:28.626531 [utc:1551687448] [info] src/net/p2p/node.cpp:165 connect to peer (node2.askcoin.me:18050) success
2019-03-04 16:17:28.848652 [utc:1551687448] [info] src/net/p2p/node.cpp:550 unreg peer (m_state:1) recv message cmd REG_RSP, version:1, id:924158, key:614665304 from node2.askcoin.me:18050
2019-03-04 16:17:29.328206 [utc:1551687449] [info] src/net/p2p/node.cpp:996 close connection from node1.askcoin.me:18050 be closed
2019-03-04 16:17:29.328413 [utc:1551687449] [info] src/net/p2p/node.cpp:1011 unreg peer (node1.askcoin.me:18050) be closed
2019-03-04 16:17:29.627341 [utc:1551687449] [info] src/net/p2p/node.cpp:161 try to connect peer from peer_score node1.askcoin.me:18050
2019-03-04 16:17:29.632030 [utc:1551687449] [info] src/fly/net/client.cpp:113 resolve ip success in client::connect host: node1.askcoin.me, ip: 80.85.84.155
2019-03-04 16:17:29.845745 [utc:1551687449] [info] src/net/p2p/node.cpp:996 close connection from node2.askcoin.me:18050 be closed
2019-03-04 16:17:29.845875 [utc:1551687449] [info] src/net/p2p/node.cpp:1011 unreg peer (node2.askcoin.me:18050) be closed
2019-03-04 16:17:30.632865 [utc:1551687450] [error] src/fly/net/client.cpp:140 connect failed, poll timeout
2019-03-04 16:17:30.632930 [utc:1551687450] [error] src/net/p2p/node.cpp:169 connect to peer (node1.askcoin.me:18050) failed
2019-03-04 16:17:31.635553 [utc:1551687451] [info] src/net/p2p/node.cpp:161 try to connect peer from peer_score node1.askcoin.me:18050
2019-03-04 16:17:31.639930 [utc:1551687451] [info] src/fly/net/client.cpp:113 resolve ip success in client::connect host: node1.askcoin.me, ip: 80.85.84.155
2019-03-04 16:17:31.876551 [utc:1551687451] [info] src/net/p2p/node.cpp:165 connect to peer (node1.askcoin.me:18050) success
2019-03-04 16:17:31.876874 [utc:1551687451] [info] src/net/p2p/node.cpp:161 try to connect peer from peer_score node2.askcoin.me:18050
2019-03-04 16:17:31.880144 [utc:1551687451] [info] src/fly/net/client.cpp:113 resolve ip success in client::connect host: node2.askcoin.me, ip: 172.104.160.8
2019-03-04 16:17:32.100032 [utc:1551687452] [info] src/net/p2p/node.cpp:165 connect to peer (node2.askcoin.me:18050) success
2019-03-04 16:17:32.113545 [utc:1551687452] [info] src/net/p2p/node.cpp:550 unreg peer (m_state:1) recv message cmd REG_RSP, version:1, id:1454688, key:173656739 from node1.askcoin.me:18050
2019-03-04 16:17:32.846205 [utc:1551687452] [info] src/net/p2p/node.cpp:550 unreg peer (m_state:1) recv message cmd REG_RSP, version:1, id:924161, key:2656412628 from node2.askcoin.me:18050
2019-03-04 16:17:33.111606 [utc:1551687453] [info] src/net/p2p/node.cpp:996 close connection from node1.askcoin.me:18050 be closed
2019-03-04 16:17:33.111682 [utc:1551687453] [info] src/net/p2p/node.cpp:1011 unreg peer (node1.askcoin.me:18050) be closed
2019-03-04 16:17:33.331655 [utc:1551687453] [info] src/net/p2p/node.cpp:996 close connection from node2.askcoin.me:18050 be closed
2019-03-04 16:17:33.331935 [utc:1551687453] [info] src/net/p2p/node.cpp:1011 unreg peer (node2.askcoin.me:18050) be closed
2019-03-04 16:17:34.109608 [utc:1551687454] [info] src/net/p2p/node.cpp:161 try to connect peer from peer_score node2.askcoin.me:18050
2019-03-04 16:17:34.113029 [utc:1551687454] [info] src/fly/net/client.cpp:113 resolve ip success in client::connect host: node2.askcoin.me, ip: 172.104.160.8
2019-03-04 16:17:34.302504 [utc:1551687454] [info] src/net/p2p/node.cpp:165 connect to peer (node2.askcoin.me:18050) success
2019-03-04 16:17:34.302592 [utc:1551687454] [info] src/net/p2p/node.cpp:161 try to connect peer from peer_score node1.askcoin.me:18050
2019-03-04 16:17:34.306480 [utc:1551687454] [info] src/fly/net/client.cpp:113 resolve ip success in client::connect host: node1.askcoin.me, ip: 80.85.84.155
2019-03-04 16:17:34.402011 [utc:1551687454] [info] src/net/p2p/node.cpp:6096 return at function: broadcast
2019-03-04 16:17:34.972793 [utc:1551687454] [info] src/net/p2p/node.cpp:550 unreg peer (m_state:1) recv message cmd REG_RSP, version:1, id:924166, key:865624594 from node2.askcoin.me:18050
2019-03-04 16:17:35.308171 [utc:1551687455] [error] src/fly/net/client.cpp:140 connect failed, poll timeout
2019-03-04 16:17:35.308211 [utc:1551687455] [error] src/net/p2p/node.cpp:169 connect to peer (node1.askcoin.me:18050) failed
2019-03-04 16:17:35.493891 [utc:1551687455] [info] src/net/p2p/node.cpp:996 close connection from node2.askcoin.me:18050 be closed
2019-03-04 16:17:35.494009 [utc:1551687455] [info] src/net/p2p/node.cpp:1011 unreg peer (node2.askcoin.me:18050) be closed
2019-03-04 16:17:36.308695 [utc:1551687456] [info] src/net/p2p/node.cpp:161 try to connect peer from peer_score node1.askcoin.me:18050
2019-03-04 16:17:36.311449 [utc:1551687456] [info] src/fly/net/client.cpp:113 resolve ip success in client::connect host: node1.askcoin.me, ip: 80.85.84.155
2019-03-04 16:17:36.544805 [utc:1551687456] [info] src/net/p2p/node.cpp:165 connect to peer (node1.askcoin.me:18050) success
2019-03-04 16:17:36.545046 [utc:1551687456] [info] src/net/p2p/node.cpp:161 try to connect peer from peer_score node2.askcoin.me:18050
2019-03-04 16:17:36.549032 [utc:1551687456] [info] src/fly/net/client.cpp:113 resolve ip success in client::connect host: node2.askcoin.me, ip: 172.104.160.8
2019-03-04 16:17:36.782042 [utc:1551687456] [info] src/net/p2p/node.cpp:550 unreg peer (m_state:1) recv message cmd REG_RSP, version:1, id:1454696, key:3456427043 from node1.askcoin.me:18050
2019-03-04 16:17:36.814552 [utc:1551687456] [info] src/net/p2p/node.cpp:165 connect to peer (node2.askcoin.me:18050) success
2019-03-04 16:17:37.086832 [utc:1551687457] [info] src/net/p2p/node.cpp:550 unreg peer (m_state:1) recv message cmd REG_RSP, version:1, id:924170, key:715812748 from node2.askcoin.me:18050
2019-03-04 16:17:37.782018 [utc:1551687457] [info] src/net/p2p/node.cpp:996 close connection from node1.askcoin.me:18050 be closed
2019-03-04 16:17:37.782202 [utc:1551687457] [info] src/net/p2p/node.cpp:1011 unreg peer (node1.askcoin.me:18050) be closed
2019-03-04 16:17:37.830752 [utc:1551687457] [info] src/net/p2p/node.cpp:161 try to connect peer from peer_score node1.askcoin.me:18050
2019-03-04 16:17:37.834214 [utc:1551687457] [info] src/fly/net/client.cpp:113 resolve ip success in client::connect host: node1.askcoin.me, ip: 80.85.84.155
2019-03-04 16:17:38.073387 [utc:1551687458] [info] src/net/p2p/node.cpp:165 connect to peer (node1.askcoin.me:18050) success
2019-03-04 16:17:38.102387 [utc:1551687458] [info] src/net/p2p/node.cpp:996 close connection from node2.askcoin.me:18050 be closed
2019-03-04 16:17:38.102519 [utc:1551687458] [info] src/net/p2p/node.cpp:1011 unreg peer (node2.askcoin.me:18050) be closed
2019-03-04 16:17:38.306140 [utc:1551687458] [info] src/net/p2p/node.cpp:550 unreg peer (m_state:1) recv message cmd REG_RSP, version:1, id:1454698, key:3621131045 from node1.askcoin.me:18050
2019-03-04 16:17:39.074614 [utc:1551687459] [info] src/net/p2p/node.cpp:161 try to connect peer from peer_score node2.askcoin.me:18050
2019-03-04 16:17:39.077540 [utc:1551687459] [info] src/fly/net/client.cpp:113 resolve ip success in client::connect host: node2.askcoin.me, ip: 172.104.160.8
2019-03-04 16:17:39.270610 [utc:1551687459] [info] src/net/p2p/node.cpp:165 connect to peer (node2.askcoin.me:18050) success
2019-03-04 16:17:39.307526 [utc:1551687459] [info] src/net/p2p/node.cpp:996 close connection from node1.askcoin.me:18050 be closed
2019-03-04 16:17:39.307551 [utc:1551687459] [info] src/net/p2p/node.cpp:1011 unreg peer (node1.askcoin.me:18050) be closed
2019-03-04 16:17:39.463173 [utc:1551687459] [info] src/net/p2p/node.cpp:550 unreg peer (m_state:1) recv message cmd REG_RSP, version:1, id:924174, key:4161085672 from node2.askcoin.me:18050
2019-03-04 16:17:40.276342 [utc:1551687460] [info] src/net/p2p/node.cpp:161 try to connect peer from peer_score node1.askcoin.me:18050
2019-03-04 16:17:40.281454 [utc:1551687460] [info] src/fly/net/client.cpp:113 resolve ip success in client::connect host: node1.askcoin.me, ip: 80.85.84.155
2019-03-04 16:17:40.513727 [utc:1551687460] [info] src/net/p2p/node.cpp:165 connect to peer (node1.askcoin.me:18050) success
2019-03-04 16:17:40.744829 [utc:1551687460] [info] src/net/p2p/node.cpp:550 unreg peer (m_state:1) recv message cmd REG_RSP, version:1, id:1454702, key:911978121 from node1.askcoin.me:18050
2019-03-04 16:17:40.961711 [utc:1551687460] [info] src/net/p2p/node.cpp:996 close connection from node2.askcoin.me:18050 be closed
2019-03-04 16:17:40.961782 [utc:1551687460] [info] src/net/p2p/node.cpp:1011 unreg peer (node2.askcoin.me:18050) be closed
2019-03-04 16:17:41.519518 [utc:1551687461] [info] src/net/p2p/node.cpp:161 try to connect peer from peer_score node2.askcoin.me:18050
2019-03-04 16:17:41.522599 [utc:1551687461] [info] src/fly/net/client.cpp:113 resolve ip success in client::connect host: node2.askcoin.me, ip: 172.104.160.8
2019-03-04 16:17:41.746581 [utc:1551687461] [info] src/net/p2p/node.cpp:996 close connection from node1.askcoin.me:18050 be closed
2019-03-04 16:17:41.746834 [utc:1551687461] [info] src/net/p2p/node.cpp:1011 unreg peer (node1.askcoin.me:18050) be closed
2019-03-04 16:17:41.791955 [utc:1551687461] [info] src/net/p2p/node.cpp:165 connect to peer (node2.askcoin.me:18050) success
2019-03-04 16:17:41.792390 [utc:1551687461] [info] src/net/p2p/node.cpp:161 try to connect peer from peer_score node1.askcoin.me:18050
2019-03-04 16:17:41.799399 [utc:1551687461] [info] src/fly/net/client.cpp:113 resolve ip success in client::connect host: node1.askcoin.me, ip: 80.85.84.155
2019-03-04 16:17:42.061725 [utc:1551687462] [info] src/net/p2p/node.cpp:550 unreg peer (m_state:1) recv message cmd REG_RSP, version:1, id:924176, key:1894036119 from node2.askcoin.me:18050
2019-03-04 16:17:42.083276 [utc:1551687462] [info] src/net/p2p/node.cpp:165 connect to peer (node1.askcoin.me:18050) success
2019-03-04 16:17:42.365945 [utc:1551687462] [info] src/net/p2p/node.cpp:550 unreg peer (m_state:1) recv message cmd REG_RSP, version:1, id:1454706, key:2260883186 from node1.askcoin.me:18050
2019-03-04 16:17:43.068958 [utc:1551687463] [info] src/net/p2p/node.cpp:996 close connection from node2.askcoin.me:18050 be closed
2019-03-04 16:17:43.069039 [utc:1551687463] [info] src/net/p2p/node.cpp:1011 unreg peer (node2.askcoin.me:18050) be closed
2019-03-04 16:17:43.084316 [utc:1551687463] [info] src/net/p2p/node.cpp:161 try to connect peer from peer_score node2.askcoin.me:18050
2019-03-04 16:17:43.088304 [utc:1551687463] [info] src/fly/net/client.cpp:113 resolve ip success in client::connect host: node2.askcoin.me, ip: 172.104.160.8
2019-03-04 16:17:43.364603 [utc:1551687463] [info] src/net/p2p/node.cpp:165 connect to peer (node2.askcoin.me:18050) success
2019-03-04 16:17:43.368588 [utc:1551687463] [info] src/net/p2p/node.cpp:996 close connection from node1.askcoin.me:18050 be closed
2019-03-04 16:17:43.368936 [utc:1551687463] [info] src/net/p2p/node.cpp:1011 unreg peer (node1.askcoin.me:18050) be closed
2019-03-04 16:17:43.639235 [utc:1551687463] [info] src/net/p2p/node.cpp:550 unreg peer (m_state:1) recv message cmd REG_RSP, version:1, id:924178, key:1217802055 from node2.askcoin.me:18050
2019-03-04 16:17:44.365493 [utc:1551687464] [info] src/net/p2p/node.cpp:161 try to connect peer from peer_score node1.askcoin.me:18050
2019-03-04 16:17:44.367282 [utc:1551687464] [info] src/fly/net/client.cpp:113 resolve ip success in client::connect host: node1.askcoin.me, ip: 80.85.84.155
2019-03-04 16:17:44.402799 [utc:1551687464] [info] src/net/p2p/node.cpp:6096 return at function: broadcast
2019-03-04 16:17:44.646259 [utc:1551687464] [info] src/net/p2p/node.cpp:996 close connection from node2.askcoin.me:18050 be closed
2019-03-04 16:17:44.646517 [utc:1551687464] [info] src/net/p2p/node.cpp:1011 unreg peer (node2.askcoin.me:18050) be closed
2019-03-04 16:17:44.654814 [utc:1551687464] [info] src/net/p2p/node.cpp:165 connect to peer (node1.askcoin.me:18050) success
2019-03-04 16:17:44.654880 [utc:1551687464] [info] src/net/p2p/node.cpp:161 try to connect peer from peer_score node2.askcoin.me:18050
2019-03-04 16:17:44.659137 [utc:1551687464] [info] src/fly/net/client.cpp:113 resolve ip success in client::connect host: node2.askcoin.me, ip: 172.104.160.8
2019-03-04 16:17:44.872437 [utc:1551687464] [info] src/net/p2p/node.cpp:165 connect to peer (node2.askcoin.me:18050) success
2019-03-04 16:17:45.571678 [utc:1551687465] [info] src/net/p2p/node.cpp:550 unreg peer (m_state:1) recv message cmd REG_RSP, version:1, id:1454709, key:3820042410 from node1.askcoin.me:18050
2019-03-04 16:17:45.614528 [utc:1551687465] [info] src/net/p2p/node.cpp:550 unreg peer (m_state:1) recv message cmd REG_RSP, version:1, id:924181, key:1025595013 from node2.askcoin.me:18050
2019-03-04 16:17:45.943409 [utc:1551687465] [info] src/net/p2p/node.cpp:996 close connection from node1.askcoin.me:18050 be closed
2019-03-04 16:17:45.943538 [utc:1551687465] [info] src/net/p2p/node.cpp:1011 unreg peer (node1.askcoin.me:18050) be closed
2019-03-04 16:17:46.101582 [utc:1551687466] [info] src/net/p2p/node.cpp:996 close connection from node2.askcoin.me:18050 be closed
2019-03-04 16:17:46.101647 [utc:1551687466] [info] src/net/p2p/node.cpp:1011 unreg peer (node2.askcoin.me:18050) be closed
2019-03-04 16:17:46.873074 [utc:1551687466] [info] src/net/p2p/node.cpp:161 try to connect peer from peer_score node1.askcoin.me:18050
2019-03-04 16:17:46.875494 [utc:1551687466] [info] src/fly/net/client.cpp:113 resolve ip success in client::connect host: node1.askcoin.me, ip: 80.85.84.155
2019-03-04 16:17:47.105973 [utc:1551687467] [info] src/net/p2p/node.cpp:165 connect to peer (node1.askcoin.me:18050) success
2019-03-04 16:17:47.106036 [utc:1551687467] [info] src/net/p2p/node.cpp:161 try to connect peer from peer_score node2.askcoin.me:18050
2019-03-04 16:17:47.109983 [utc:1551687467] [info] src/fly/net/client.cpp:113 resolve ip success in client::connect host: node2.askcoin.me, ip: 172.104.160.8
2019-03-04 16:17:47.337584 [utc:1551687467] [info] src/net/p2p/node.cpp:550 unreg peer (m_state:1) recv message cmd REG_RSP, version:1, id:1454713, key:2666404988 from node1.askcoin.me:18050
2019-03-04 16:17:47.378363 [utc:1551687467] [info] src/net/p2p/node.cpp:165 connect to peer (node2.askcoin.me:18050) success
2019-03-04 16:17:47.651090 [utc:1551687467] [info] src/net/p2p/node.cpp:550 unreg peer (m_state:1) recv message cmd REG_RSP, version:1, id:924183, key:1793828878 from node2.askcoin.me:18050
2019-03-04 16:17:48.339005 [utc:1551687468] [info] src/net/p2p/node.cpp:996 close connection from node1.askcoin.me:18050 be closed
2019-03-04 16:17:48.339254 [utc:1551687468] [info] src/net/p2p/node.cpp:1011 unreg peer (node1.askcoin.me:18050) be closed
2019-03-04 16:17:48.382320 [utc:1551687468] [info] src/net/p2p/node.cpp:161 try to connect peer from peer_score node1.askcoin.me:18050
2019-03-04 16:17:48.388307 [utc:1551687468] [info] src/fly/net/client.cpp:113 resolve ip success in client::connect host: node1.askcoin.me, ip: 80.85.84.155
2019-03-04 16:17:48.619547 [utc:1551687468] [info] src/net/p2p/node.cpp:165 connect to peer (node1.askcoin.me:18050) success
2019-03-04 16:17:48.644472 [utc:1551687468] [info] src/net/p2p/node.cpp:996 close connection from node2.askcoin.me:18050 be closed
2019-03-04 16:17:48.644655 [utc:1551687468] [info] src/net/p2p/node.cpp:1011 unreg peer (node2.askcoin.me:18050) be closed
2019-03-04 16:17:48.847998 [utc:1551687468] [info] src/net/p2p/node.cpp:550 unreg peer (m_state:1) recv message cmd REG_RSP, version:1, id:1454715, key:1628452406 from node1.askcoin.me:18050
2019-03-04 16:17:49.619984 [utc:1551687469] [info] src/net/p2p/node.cpp:161 try to connect peer from peer_score node2.askcoin.me:18050
2019-03-04 16:17:49.623208 [utc:1551687469] [info] src/fly/net/client.cpp:113 resolve ip success in client::connect host: node2.askcoin.me, ip: 172.104.160.8
2019-03-04 16:17:49.849427 [utc:1551687469] [info] src/net/p2p/node.cpp:996 close connection from node1.askcoin.me:18050 be closed
2019-03-04 16:17:49.849592 [utc:1551687469] [info] src/net/p2p/node.cpp:1011 unreg peer (node1.askcoin.me:18050) be closed
2019-03-04 16:17:50.624717 [utc:1551687470] [error] src/fly/net/client.cpp:140 connect failed, poll timeout
2019-03-04 16:17:50.624796 [utc:1551687470] [error] src/net/p2p/node.cpp:169 connect to peer (node2.askcoin.me:18050) failed
2019-03-04 16:17:51.628703 [utc:1551687471] [info] src/net/p2p/node.cpp:161 try to connect peer from peer_score node2.askcoin.me:18050
2019-03-04 16:17:51.631280 [utc:1551687471] [info] src/fly/net/client.cpp:113 resolve ip success in client::connect host: node2.askcoin.me, ip: 172.104.160.8
2019-03-04 16:17:51.889602 [utc:1551687471] [info] src/net/p2p/node.cpp:165 connect to peer (node2.askcoin.me:18050) success
2019-03-04 16:17:51.889666 [utc:1551687471] [info] src/net/p2p/node.cpp:161 try to connect peer from peer_score node1.askcoin.me:18050
2019-03-04 16:17:51.891412 [utc:1551687471] [info] src/fly/net/client.cpp:113 resolve ip success in client::connect host: node1.askcoin.me, ip: 80.85.84.155
2019-03-04 16:17:52.150137 [utc:1551687472] [info] src/net/p2p/node.cpp:550 unreg peer (m_state:1) recv message cmd REG_RSP, version:1, id:924189, key:3118271310 from node2.askcoin.me:18050
2019-03-04 16:17:52.178896 [utc:1551687472] [info] src/net/p2p/node.cpp:165 connect to peer (node1.askcoin.me:18050) success
2019-03-04 16:17:52.466433 [utc:1551687472] [info] src/net/p2p/node.cpp:550 unreg peer (m_state:1) recv message cmd REG_RSP, version:1, id:1454720, key:1498645475 from node1.askcoin.me:18050
2019-03-04 16:17:53.152787 [utc:1551687473] [info] src/net/p2p/node.cpp:996 close connection from node2.askcoin.me:18050 be closed
2019-03-04 16:17:53.152862 [utc:1551687473] [info] src/net/p2p/node.cpp:1011 unreg peer (node2.askcoin.me:18050) be closed
2019-03-04 16:17:53.181403 [utc:1551687473] [info] src/net/p2p/node.cpp:161 try to connect peer from peer_score node2.askcoin.me:18050
2019-03-04 16:17:53.183437 [utc:1551687473] [info] src/fly/net/client.cpp:113 resolve ip success in client::connect host: node2.askcoin.me, ip: 172.104.160.8
2019-03-04 16:17:53.436596 [utc:1551687473] [info] src/net/p2p/node.cpp:165 connect to peer (node2.askcoin.me:18050) success
2019-03-04 16:17:53.469885 [utc:1551687473] [info] src/net/p2p/node.cpp:996 close connection from node1.askcoin.me:18050 be closed
2019-03-04 16:17:53.475004 [utc:1551687473] [info] src/net/p2p/node.cpp:1011 unreg peer (node1.askcoin.me:18050) be closed
2019-03-04 16:17:53.695640 [utc:1551687473] [info] src/net/p2p/node.cpp:550 unreg peer (m_state:1) recv message cmd REG_RSP, version:1, id:924191, key:2076282508 from node2.askcoin.me:18050
2019-03-04 16:17:54.413559 [utc:1551687474] [info] src/net/p2p/node.cpp:6096 return at function: broadcast
2019-03-04 16:17:54.438378 [utc:1551687474] [info] src/net/p2p/node.cpp:161 try to connect peer from peer_score node1.askcoin.me:18050
2019-03-04 16:17:54.442435 [utc:1551687474] [info] src/fly/net/client.cpp:113 resolve ip success in client::connect host: node1.askcoin.me, ip: 80.85.84.155
2019-03-04 16:17:54.660767 [utc:1551687474] [info] src/net/p2p/node.cpp:165 connect to peer (node1.askcoin.me:18050) success
2019-03-04 16:17:54.693136 [utc:1551687474] [info] src/net/p2p/node.cpp:996 close connection from node2.askcoin.me:18050 be closed
2019-03-04 16:17:54.693164 [utc:1551687474] [info] src/net/p2p/node.cpp:1011 unreg peer (node2.askcoin.me:18050) be closed
2019-03-04 16:17:54.877981 [utc:1551687474] [info] src/net/p2p/node.cpp:550 unreg peer (m_state:1) recv message cmd REG_RSP, version:1, id:1454725, key:3722032401 from node1.askcoin.me:18050
2019-03-04 16:17:55.660948 [utc:1551687475] [info] src/net/p2p/node.cpp:161 try to connect peer from peer_score node2.askcoin.me:18050
2019-03-04 16:17:55.663895 [utc:1551687475] [info] src/fly/net/client.cpp:113 resolve ip success in client::connect host: node2.askcoin.me, ip: 172.104.160.8
2019-03-04 16:17:55.868404 [utc:1551687475] [info] src/net/p2p/node.cpp:165 connect to peer (node2.askcoin.me:18050) success
2019-03-04 16:17:55.880533 [utc:1551687475] [info] src/net/p2p/node.cpp:996 close connection from node1.askcoin.me:18050 be closed
2019-03-04 16:17:55.880606 [utc:1551687475] [info] src/net/p2p/node.cpp:1011 unreg peer (node1.askcoin.me:18050) be closed
2019-03-04 16:17:56.086346 [utc:1551687476] [info] src/net/p2p/node.cpp:550 unreg peer (m_state:1) recv message cmd REG_RSP, version:1, id:924196, key:2700516574 from node2.askcoin.me:18050
2019-03-04 16:17:56.870152 [utc:1551687476] [info] src/net/p2p/node.cpp:161 try to connect peer from peer_score node1.askcoin.me:18050
2019-03-04 16:17:56.872570 [utc:1551687476] [info] src/fly/net/client.cpp:113 resolve ip success in client::connect host: node1.askcoin.me, ip: 80.85.84.155
2019-03-04 16:17:57.079838 [utc:1551687477] [info] src/net/p2p/node.cpp:996 close connection from node2.askcoin.me:18050 be closed
2019-03-04 16:17:57.080127 [utc:1551687477] [info] src/net/p2p/node.cpp:1011 unreg peer (node2.askcoin.me:18050) be closed
2019-03-04 16:17:57.874571 [utc:1551687477] [error] src/fly/net/client.cpp:140 connect failed, poll timeout
2019-03-04 16:17:57.874670 [utc:1551687477] [error] src/net/p2p/node.cpp:169 connect to peer (node1.askcoin.me:18050) failed
2019-03-04 16:17:58.880488 [utc:1551687478] [info] src/net/p2p/node.cpp:161 try to connect peer from peer_score node2.askcoin.me:18050
2019-03-04 16:17:58.883098 [utc:1551687478] [info] src/fly/net/client.cpp:113 resolve ip success in client::connect host: node2.askcoin.me, ip: 172.104.160.8
2019-03-04 16:17:59.071625 [utc:1551687479] [info] src/net/p2p/node.cpp:165 connect to peer (node2.askcoin.me:18050) success
2019-03-04 16:17:59.071713 [utc:1551687479] [info] src/net/p2p/node.cpp:161 try to connect peer from peer_score node1.askcoin.me:18050
2019-03-04 16:17:59.074186 [utc:1551687479] [info] src/fly/net/client.cpp:113 resolve ip success in client::connect host: node1.askcoin.me, ip: 80.85.84.155
2019-03-04 16:17:59.264374 [utc:1551687479] [info] src/net/p2p/node.cpp:550 unreg peer (m_state:1) recv message cmd REG_RSP, version:1, id:924203, key:385526802 from node2.askcoin.me:18050
2019-03-04 16:17:59.364189 [utc:1551687479] [info] src/net/p2p/node.cpp:165 connect to peer (node1.askcoin.me:18050) success
2019-03-04 16:17:59.651895 [utc:1551687479] [info] src/net/p2p/node.cpp:550 unreg peer (m_state:1) recv message cmd REG_RSP, version:1, id:1454733, key:1777718173 from node1.askcoin.me:18050
2019-03-04 16:18:00.271867 [utc:1551687480] [info] src/net/p2p/node.cpp:996 close connection from node2.askcoin.me:18050 be closed
2019-03-04 16:18:00.272269 [utc:1551687480] [info] src/net/p2p/node.cpp:1011 unreg peer (node2.askcoin.me:18050) be closed
2019-03-04 16:18:00.364507 [utc:1551687480] [info] src/net/p2p/node.cpp:161 try to connect peer from peer_score node2.askcoin.me:18050
2019-03-04 16:18:00.367126 [utc:1551687480] [info] src/fly/net/client.cpp:113 resolve ip success in client::connect host: node2.askcoin.me, ip: 172.104.160.8
2019-03-04 16:18:00.617755 [utc:1551687480] [info] src/net/p2p/node.cpp:165 connect to peer (node2.askcoin.me:18050) success
2019-03-04 16:18:00.651881 [utc:1551687480] [info] src/net/p2p/node.cpp:996 close connection from node1.askcoin.me:18050 be closed
2019-03-04 16:18:00.652075 [utc:1551687480] [info] src/net/p2p/node.cpp:1011 unreg peer (node1.askcoin.me:18050) be closed
2019-03-04 16:18:00.864418 [utc:1551687480] [info] src/net/p2p/node.cpp:550 unreg peer (m_state:1) recv message cmd REG_RSP, version:1, id:924205, key:561751841 from node2.askcoin.me:18050
2019-03-04 16:18:01.618282 [utc:1551687481] [info] src/net/p2p/node.cpp:161 try to connect peer from peer_score node1.askcoin.me:18050
2019-03-04 16:18:01.621124 [utc:1551687481] [info] src/fly/net/client.cpp:113 resolve ip success in client::connect host: node1.askcoin.me, ip: 80.85.84.155
2019-03-04 16:18:01.890191 [utc:1551687481] [info] src/net/p2p/node.cpp:996 close connection from node2.askcoin.me:18050 be closed
2019-03-04 16:18:01.890269 [utc:1551687481] [info] src/net/p2p/node.cpp:1011 unreg peer (node2.askcoin.me:18050) be closed
2019-03-04 16:18:01.903929 [utc:1551687481] [info] src/net/p2p/node.cpp:165 connect to peer (node1.askcoin.me:18050) success
2019-03-04 16:18:01.903969 [utc:1551687481] [info] src/net/p2p/node.cpp:161 try to connect peer from peer_score node2.askcoin.me:18050
2019-03-04 16:18:01.905868 [utc:1551687481] [info] src/fly/net/client.cpp:113 resolve ip success in client::connect host: node2.askcoin.me, ip: 172.104.160.8
2019-03-04 16:18:02.170165 [utc:1551687482] [info] src/net/p2p/node.cpp:165 connect to peer (node2.askcoin.me:18050) success
2019-03-04 16:18:02.442733 [utc:1551687482] [info] src/net/p2p/node.cpp:550 unreg peer (m_state:1) recv message cmd REG_RSP, version:1, id:924207, key:2448620515 from node2.askcoin.me:18050
2019-03-04 16:18:02.807912 [utc:1551687482] [info] src/net/p2p/node.cpp:550 unreg peer (m_state:1) recv message cmd REG_RSP, version:1, id:1454741, key:1308352376 from node1.askcoin.me:18050
2019-03-04 16:18:03.188382 [utc:1551687483] [info] src/net/p2p/node.cpp:996 close connection from node1.askcoin.me:18050 be closed
2019-03-04 16:18:03.188565 [utc:1551687483] [info] src/net/p2p/node.cpp:1011 unreg peer (node1.askcoin.me:18050) be closed
2019-03-04 16:18:03.450206 [utc:1551687483] [info] src/net/p2p/node.cpp:996 close connection from node2.askcoin.me:18050 be closed
2019-03-04 16:18:03.450320 [utc:1551687483] [info] src/net/p2p/node.cpp:1011 unreg peer (node2.askcoin.me:18050) be closed
2019-03-04 16:18:04.173886 [utc:1551687484] [info] src/net/p2p/node.cpp:161 try to connect peer from peer_score node1.askcoin.me:18050
2019-03-04 16:18:04.177989 [utc:1551687484] [info] src/fly/net/client.cpp:113 resolve ip success in client::connect host: node1.askcoin.me, ip: 80.85.84.155
2019-03-04 16:18:04.404576 [utc:1551687484] [info] src/net/p2p/node.cpp:6096 return at function: broadcast
2019-03-04 16:18:04.464897 [utc:1551687484] [info] src/net/p2p/node.cpp:165 connect to peer (node1.askcoin.me:18050) success
2019-03-04 16:18:04.465023 [utc:1551687484] [info] src/net/p2p/node.cpp:161 try to connect peer from peer_score node2.askcoin.me:18050
2019-03-04 16:18:04.467449 [utc:1551687484] [info] src/fly/net/client.cpp:113 resolve ip success in client::connect host: node2.askcoin.me, ip: 172.104.160.8
2019-03-04 16:18:04.580072 [utc:1551687484] [error] src/net/p2p/node.cpp:1101 Node::broadcast m_peers is empty
2019-03-04 16:18:04.656728 [utc:1551687484] [info] src/net/p2p/node.cpp:165 connect to peer (node2.askcoin.me:18050) success
2019-03-04 16:18:04.749497 [utc:1551687484] [info] src/net/p2p/node.cpp:550 unreg peer (m_state:1) recv message cmd REG_RSP, version:1, id:1454745, key:1183113231 from node1.askcoin.me:18050
2019-03-04 16:18:04.850228 [utc:1551687484] [info] src/net/p2p/node.cpp:550 unreg peer (m_state:1) recv message cmd REG_RSP, version:1, id:924212, key:3056522869 from node2.askcoin.me:18050
2019-03-04 16:18:05.752331 [utc:1551687485] [info] src/net/p2p/node.cpp:996 close connection from node1.askcoin.me:18050 be closed
2019-03-04 16:18:05.752405 [utc:1551687485] [info] src/net/p2p/node.cpp:1011 unreg peer (node1.askcoin.me:18050) be closed
2019-03-04 16:18:05.850577 [utc:1551687485] [info] src/net/p2p/node.cpp:996 close connection from node2.askcoin.me:18050 be closed
2019-03-04 16:18:05.850835 [utc:1551687485] [info] src/net/p2p/node.cpp:1011 unreg peer (node2.askcoin.me:18050) be closed
2019-03-04 16:18:06.656995 [utc:1551687486] [info] src/net/p2p/node.cpp:161 try to connect peer from peer_score node1.askcoin.me:18050
2019-03-04 16:18:06.665649 [utc:1551687486] [info] src/fly/net/client.cpp:113 resolve ip success in client::connect host: node1.askcoin.me, ip: 80.85.84.155
2019-03-04 16:18:06.949643 [utc:1551687486] [info] src/net/p2p/node.cpp:165 connect to peer (node1.askcoin.me:18050) success
2019-03-04 16:18:06.949793 [utc:1551687486] [info] src/net/p2p/node.cpp:161 try to connect peer from peer_score node2.askcoin.me:18050
2019-03-04 16:18:06.953395 [utc:1551687486] [info] src/fly/net/client.cpp:113 resolve ip success in client::connect host: node2.askcoin.me, ip: 172.104.160.8
2019-03-04 16:18:07.217841 [utc:1551687487] [info] src/net/p2p/node.cpp:165 connect to peer (node2.askcoin.me:18050) success
2019-03-04 16:18:07.230462 [utc:1551687487] [info] src/net/p2p/node.cpp:550 unreg peer (m_state:1) recv message cmd REG_RSP, version:1, id:1454749, key:761011186 from node1.askcoin.me:18050
2019-03-04 16:18:07.496213 [utc:1551687487] [info] src/net/p2p/node.cpp:550 unreg peer (m_state:1) recv message cmd REG_RSP, version:1, id:924214, key:2268563967 from node2.askcoin.me:18050
2019-03-04 16:18:08.232193 [utc:1551687488] [info] src/net/p2p/node.cpp:996 close connection from node1.askcoin.me:18050 be closed
2019-03-04 16:18:08.232399 [utc:1551687488] [info] src/net/p2p/node.cpp:1011 unreg peer (node1.askcoin.me:18050) be closed
2019-03-04 16:18:08.530122 [utc:1551687488] [info] src/net/p2p/node.cpp:996 close connection from node2.askcoin.me:18050 be closed
2019-03-04 16:18:08.530229 [utc:1551687488] [info] src/net/p2p/node.cpp:1011 unreg peer (node2.askcoin.me:18050) be closed
2019-03-04 16:18:09.219420 [utc:1551687489] [info] src/net/p2p/node.cpp:161 try to connect peer from peer_score node2.askcoin.me:18050
2019-03-04 16:18:09.220843 [utc:1551687489] [info] src/fly/net/client.cpp:113 resolve ip success in client::connect host: node2.askcoin.me, ip: 172.104.160.8
2019-03-04 16:18:10.222830 [utc:1551687490] [error] src/fly/net/client.cpp:140 connect failed, poll timeout
2019-03-04 16:18:10.222856 [utc:1551687490] [error] src/net/p2p/node.cpp:169 connect to peer (node2.askcoin.me:18050) failed
2019-03-04 16:18:11.223490 [utc:1551687491] [info] src/net/p2p/node.cpp:161 try to connect peer from peer_score node2.askcoin.me:18050
2019-03-04 16:18:11.225660 [utc:1551687491] [info] src/fly/net/client.cpp:113 resolve ip success in client::connect host: node2.askcoin.me, ip: 172.104.160.8
2019-03-04 16:18:11.415415 [utc:1551687491] [info] src/net/p2p/node.cpp:165 connect to peer (node2.askcoin.me:18050) success
2019-03-04 16:18:11.415538 [utc:1551687491] [info] src/net/p2p/node.cpp:161 try to connect peer from peer_score node1.askcoin.me:18050
2019-03-04 16:18:11.417721 [utc:1551687491] [info] src/fly/net/client.cpp:113 resolve ip success in client::connect host: node1.askcoin.me, ip: 80.85.84.155
2019-03-04 16:18:11.602354 [utc:1551687491] [info] src/net/p2p/node.cpp:550 unreg peer (m_state:1) recv message cmd REG_RSP, version:1, id:924219, key:152972840 from node2.askcoin.me:18050
2019-03-04 16:18:11.642484 [utc:1551687491] [info] src/net/p2p/node.cpp:165 connect to peer (node1.askcoin.me:18050) success
2019-03-04 16:18:11.861358 [utc:1551687491] [info] src/net/p2p/node.cpp:550 unreg peer (m_state:1) recv message cmd REG_RSP, version:1, id:1454760, key:4286110366 from node1.askcoin.me:18050
2019-03-04 16:18:12.604690 [utc:1551687492] [info] src/net/p2p/node.cpp:996 close connection from node2.askcoin.me:18050 be closed
2019-03-04 16:18:12.604767 [utc:1551687492] [info] src/net/p2p/node.cpp:1011 unreg peer (node2.askcoin.me:18050) be closed
2019-03-04 16:18:12.642552 [utc:1551687492] [info] src/net/p2p/node.cpp:161 try to connect peer from peer_score node2.askcoin.me:18050
2019-03-04 16:18:12.644266 [utc:1551687492] [info] src/fly/net/client.cpp:113 resolve ip success in client::connect host: node2.askcoin.me, ip: 172.104.160.8
2019-03-04 16:18:12.861630 [utc:1551687492] [info] src/net/p2p/node.cpp:996 close connection from node1.askcoin.me:18050 be closed
2019-03-04 16:18:12.861723 [utc:1551687492] [info] src/net/p2p/node.cpp:1011 unreg peer (node1.askcoin.me:18050) be closed
2019-03-04 16:18:12.950523 [utc:1551687492] [info] src/net/p2p/node.cpp:165 connect to peer (node2.askcoin.me:18050) success
2019-03-04 16:18:12.950653 [utc:1551687492] [info] src/net/p2p/node.cpp:161 try to connect peer from peer_score node1.askcoin.me:18050
2019-03-04 16:18:12.952533 [utc:1551687492] [info] src/fly/net/client.cpp:113 resolve ip success in client::connect host: node1.askcoin.me, ip: 80.85.84.155
2019-03-04 16:18:13.234885 [utc:1551687493] [info] src/net/p2p/node.cpp:165 connect to peer (node1.askcoin.me:18050) success
2019-03-04 16:18:13.249057 [utc:1551687493] [info] src/net/p2p/node.cpp:550 unreg peer (m_state:1) recv message cmd REG_RSP, version:1, id:924221, key:4089144012 from node2.askcoin.me:18050
2019-03-04 16:18:14.139012 [utc:1551687494] [info] src/net/p2p/node.cpp:550 unreg peer (m_state:1) recv message cmd REG_RSP, version:1, id:1454762, key:617126156 from node1.askcoin.me:18050
2019-03-04 16:18:14.261185 [utc:1551687494] [info] src/net/p2p/node.cpp:996 close connection from node2.askcoin.me:18050 be closed
2019-03-04 16:18:14.261280 [utc:1551687494] [info] src/net/p2p/node.cpp:1011 unreg peer (node2.askcoin.me:18050) be closed
2019-03-04 16:18:14.401505 [utc:1551687494] [info] src/net/p2p/node.cpp:6096 return at function: broadcast
2019-03-04 16:18:14.518813 [utc:1551687494] [info] src/net/p2p/node.cpp:996 close connection from node1.askcoin.me:18050 be closed
2019-03-04 16:18:14.519063 [utc:1551687494] [info] src/net/p2p/node.cpp:1011 unreg peer (node1.askcoin.me:18050) be closed
2019-03-04 16:18:15.238061 [utc:1551687495] [info] src/net/p2p/node.cpp:161 try to connect peer from peer_score node1.askcoin.me:18050
2019-03-04 16:18:15.240146 [utc:1551687495] [info] src/fly/net/client.cpp:113 resolve ip success in client::connect host: node1.askcoin.me, ip: 80.85.84.155
2019-03-04 16:18:15.470316 [utc:1551687495] [info] src/net/p2p/node.cpp:165 connect to peer (node1.askcoin.me:18050) success
2019-03-04 16:18:15.470356 [utc:1551687495] [info] src/net/p2p/node.cpp:161 try to connect peer from peer_score node2.askcoin.me:18050
2019-03-04 16:18:15.474065 [utc:1551687495] [info] src/fly/net/client.cpp:113 resolve ip success in client::connect host: node2.askcoin.me, ip: 172.104.160.8
2019-03-04 16:18:15.699719 [utc:1551687495] [info] src/net/p2p/node.cpp:550 unreg peer (m_state:1) recv message cmd REG_RSP, version:1, id:1454766, key:1433162129 from node1.askcoin.me:18050
2019-03-04 16:18:15.776678 [utc:1551687495] [info] src/net/p2p/node.cpp:165 connect to peer (node2.askcoin.me:18050) success
2019-03-04 16:18:16.088336 [utc:1551687496] [info] src/net/p2p/node.cpp:550 unreg peer (m_state:1) recv message cmd REG_RSP, version:1, id:924224, key:851224647 from node2.askcoin.me:18050
2019-03-04 16:18:16.701539 [utc:1551687496] [info] src/net/p2p/node.cpp:996 close connection from node1.askcoin.me:18050 be closed
2019-03-04 16:18:16.701589 [utc:1551687496] [info] src/net/p2p/node.cpp:1011 unreg peer (node1.askcoin.me:18050) be closed
2019-03-04 16:18:16.777504 [utc:1551687496] [info] src/net/p2p/node.cpp:161 try to connect peer from peer_score node1.askcoin.me:18050
2019-03-04 16:18:16.780644 [utc:1551687496] [info] src/fly/net/client.cpp:113 resolve ip success in client::connect host: node1.askcoin.me, ip: 80.85.84.155
2019-03-04 16:18:16.997545 [utc:1551687496] [info] src/net/p2p/node.cpp:165 connect to peer (node1.askcoin.me:18050) success
2019-03-04 16:18:17.091915 [utc:1551687497] [info] src/net/p2p/node.cpp:996 close connection from node2.askcoin.me:18050 be closed
2019-03-04 16:18:17.092099 [utc:1551687497] [info] src/net/p2p/node.cpp:1011 unreg peer (node2.askcoin.me:18050) be closed
2019-03-04 16:18:17.213670 [utc:1551687497] [info] src/net/p2p/node.cpp:550 unreg peer (m_state:1) recv message cmd REG_RSP, version:1, id:1454768, key:63258026 from node1.askcoin.me:18050
2019-03-04 16:18:17.997935 [utc:1551687497] [info] src/net/p2p/node.cpp:161 try to connect peer from peer_score node2.askcoin.me:18050
2019-03-04 16:18:17.999849 [utc:1551687497] [info] src/fly/net/client.cpp:113 resolve ip success in client::connect host: node2.askcoin.me, ip: 172.104.160.8
2019-03-04 16:18:18.216030 [utc:1551687498] [info] src/net/p2p/node.cpp:996 close connection from node1.askcoin.me:18050 be closed
2019-03-04 16:18:18.216230 [utc:1551687498] [info] src/net/p2p/node.cpp:1011 unreg peer (node1.askcoin.me:18050) be closed
2019-03-04 16:18:19.000405 [utc:1551687499] [error] src/fly/net/client.cpp:140 connect failed, poll timeout
2019-03-04 16:18:19.000468 [utc:1551687499] [error] src/net/p2p/node.cpp:169 connect to peer (node2.askcoin.me:18050) failed
2019-03-04 16:18:20.000880 [utc:1551687500] [info] src/net/p2p/node.cpp:161 try to connect peer from peer_score node1.askcoin.me:18050
2019-03-04 16:18:20.003907 [utc:1551687500] [info] src/fly/net/client.cpp:113 resolve ip success in client::connect host: node1.askcoin.me, ip: 80.85.84.155
2019-03-04 16:18:20.234954 [utc:1551687500] [info] src/net/p2p/node.cpp:165 connect to peer (node1.askcoin.me:18050) success
2019-03-04 16:18:20.235018 [utc:1551687500] [info] src/net/p2p/node.cpp:161 try to connect peer from peer_score node2.askcoin.me:18050
2019-03-04 16:18:20.240789 [utc:1551687500] [info] src/fly/net/client.cpp:113 resolve ip success in client::connect host: node2.askcoin.me, ip: 172.104.160.8
2019-03-04 16:18:20.468003 [utc:1551687500] [info] src/net/p2p/node.cpp:550 unreg peer (m_state:1) recv message cmd REG_RSP, version:1, id:1454774, key:2699995517 from node1.askcoin.me:18050
2019-03-04 16:18:20.555761 [utc:1551687500] [info] src/net/p2p/node.cpp:165 connect to peer (node2.askcoin.me:18050) success
2019-03-04 16:18:20.869891 [utc:1551687500] [info] src/net/p2p/node.cpp:550 unreg peer (m_state:1) recv message cmd REG_RSP, version:1, id:924230, key:1433778475 from node2.askcoin.me:18050
2019-03-04 16:18:21.469562 [utc:1551687501] [info] src/net/p2p/node.cpp:996 close connection from node1.askcoin.me:18050 be closed
2019-03-04 16:18:21.469776 [utc:1551687501] [info] src/net/p2p/node.cpp:1011 unreg peer (node1.askcoin.me:18050) be closed
2019-03-04 16:18:21.556047 [utc:1551687501] [info] src/net/p2p/node.cpp:161 try to connect peer from peer_score node1.askcoin.me:18050
2019-03-04 16:18:21.557850 [utc:1551687501] [info] src/fly/net/client.cpp:113 resolve ip success in client::connect host: node1.askcoin.me, ip: 80.85.84.155
2019-03-04 16:18:21.846958 [utc:1551687501] [info] src/net/p2p/node.cpp:165 connect to peer (node1.askcoin.me:18050) success
2019-03-04 16:18:21.891469 [utc:1551687501] [info] src/net/p2p/node.cpp:996 close connection from node2.askcoin.me:18050 be closed
2019-03-04 16:18:21.891921 [utc:1551687501] [info] src/net/p2p/node.cpp:1011 unreg peer (node2.askcoin.me:18050) be closed
2019-03-04 16:18:22.135705 [utc:1551687502] [info] src/net/p2p/node.cpp:550 unreg peer (m_state:1) recv message cmd REG_RSP, version:1, id:1454779, key:3374185781 from node1.askcoin.me:18050
2019-03-04 16:18:22.847105 [utc:1551687502] [info] src/net/p2p/node.cpp:161 try to connect peer from peer_score node2.askcoin.me:18050
2019-03-04 16:18:22.850146 [utc:1551687502] [info] src/fly/net/client.cpp:113 resolve ip success in client::connect host: node2.askcoin.me, ip: 172.104.160.8
2019-03-04 16:18:23.137277 [utc:1551687503] [info] src/net/p2p/node.cpp:996 close connection from node1.askcoin.me:18050 be closed
2019-03-04 16:18:23.137523 [utc:1551687503] [info] src/net/p2p/node.cpp:1011 unreg peer (node1.askcoin.me:18050) be closed
2019-03-04 16:18:23.139668 [utc:1551687503] [info] src/net/p2p/node.cpp:165 connect to peer (node2.askcoin.me:18050) success
2019-03-04 16:18:23.139887 [utc:1551687503] [info] src/net/p2p/node.cpp:161 try to connect peer from peer_score node1.askcoin.me:18050
2019-03-04 16:18:23.142764 [utc:1551687503] [info] src/fly/net/client.cpp:113 resolve ip success in client::connect host: node1.askcoin.me, ip: 80.85.84.155
2019-03-04 16:18:23.428036 [utc:1551687503] [info] src/net/p2p/node.cpp:165 connect to peer (node1.askcoin.me:18050) success
2019-03-04 16:18:23.430761 [utc:1551687503] [info] src/net/p2p/node.cpp:550 unreg peer (m_state:1) recv message cmd REG_RSP, version:1, id:924233, key:3431816318 from node2.askcoin.me:18050
2019-03-04 16:18:24.341044 [utc:1551687504] [info] src/net/p2p/node.cpp:550 unreg peer (m_state:1) recv message cmd REG_RSP, version:1, id:1454784, key:3862050151 from node1.askcoin.me:18050
2019-03-04 16:18:24.402163 [utc:1551687504] [info] src/net/p2p/node.cpp:6096 return at function: broadcast
2019-03-04 16:18:24.447339 [utc:1551687504] [info] src/net/p2p/node.cpp:996 close connection from node2.askcoin.me:18050 be closed
2019-03-04 16:18:24.447533 [utc:1551687504] [info] src/net/p2p/node.cpp:1011 unreg peer (node2.askcoin.me:18050) be closed
2019-03-04 16:18:24.719263 [utc:1551687504] [info] src/net/p2p/node.cpp:996 close connection from node1.askcoin.me:18050 be closed
2019-03-04 16:18:24.719289 [utc:1551687504] [info] src/net/p2p/node.cpp:1011 unreg peer (node1.askcoin.me:18050) be closed
2019-03-04 16:18:25.436646 [utc:1551687505] [info] src/net/p2p/node.cpp:161 try to connect peer from peer_score node1.askcoin.me:18050
2019-03-04 16:18:25.440704 [utc:1551687505] [info] src/fly/net/client.cpp:113 resolve ip success in client::connect host: node1.askcoin.me, ip: 80.85.84.155
2019-03-04 16:18:25.726000 [utc:1551687505] [info] src/net/p2p/node.cpp:165 connect to peer (node1.askcoin.me:18050) success
2019-03-04 16:18:25.726049 [utc:1551687505] [info] src/net/p2p/node.cpp:161 try to connect peer from peer_score node2.askcoin.me:18050
2019-03-04 16:18:25.729309 [utc:1551687505] [info] src/fly/net/client.cpp:113 resolve ip success in client::connect host: node2.askcoin.me, ip: 172.104.160.8
2019-03-04 16:18:26.012126 [utc:1551687506] [info] src/net/p2p/node.cpp:550 unreg peer (m_state:1) recv message cmd REG_RSP, version:1, id:1454787, key:2587373174 from node1.askcoin.me:18050
2019-03-04 16:18:26.035692 [utc:1551687506] [info] src/net/p2p/node.cpp:165 connect to peer (node2.askcoin.me:18050) success
2019-03-04 16:18:26.366954 [utc:1551687506] [info] src/net/p2p/node.cpp:550 unreg peer (m_state:1) recv message cmd REG_RSP, version:1, id:924236, key:3888691117 from node2.askcoin.me:18050
2019-03-04 16:18:27.015538 [utc:1551687507] [info] src/net/p2p/node.cpp:996 close connection from node1.askcoin.me:18050 be closed
2019-03-04 16:18:27.015652 [utc:1551687507] [info] src/net/p2p/node.cpp:1011 unreg peer (node1.askcoin.me:18050) be closed
2019-03-04 16:18:27.036634 [utc:1551687507] [info] src/net/p2p/node.cpp:161 try to connect peer from peer_score node1.askcoin.me:18050
2019-03-04 16:18:27.038713 [utc:1551687507] [info] src/fly/net/client.cpp:113 resolve ip success in client::connect host: node1.askcoin.me, ip: 80.85.84.155
2019-03-04 16:18:27.323730 [utc:1551687507] [info] src/net/p2p/node.cpp:165 connect to peer (node1.askcoin.me:18050) success
2019-03-04 16:18:27.358405 [utc:1551687507] [info] src/net/p2p/node.cpp:996 close connection from node2.askcoin.me:18050 be closed
2019-03-04 16:18:27.358491 [utc:1551687507] [info] src/net/p2p/node.cpp:1011 unreg peer (node2.askcoin.me:18050) be closed
2019-03-04 16:18:27.609322 [utc:1551687507] [info] src/net/p2p/node.cpp:550 unreg peer (m_state:1) recv message cmd REG_RSP, version:1, id:1454789, key:754368140 from node1.askcoin.me:18050
2019-03-04 16:18:28.323886 [utc:1551687508] [info] src/net/p2p/node.cpp:161 try to connect peer from peer_score node2.askcoin.me:18050
2019-03-04 16:18:28.326895 [utc:1551687508] [info] src/fly/net/client.cpp:113 resolve ip success in client::connect host: node2.askcoin.me, ip: 172.104.160.8
2019-03-04 16:18:28.511000 [utc:1551687508] [info] src/net/p2p/node.cpp:165 connect to peer (node2.askcoin.me:18050) success
2019-03-04 16:18:28.611774 [utc:1551687508] [info] src/net/p2p/node.cpp:996 close connection from node1.askcoin.me:18050 be closed
2019-03-04 16:18:28.611956 [utc:1551687508] [info] src/net/p2p/node.cpp:1011 unreg peer (node1.askcoin.me:18050) be closed
2019-03-04 16:18:28.705896 [utc:1551687508] [info] src/net/p2p/node.cpp:550 unreg peer (m_state:1) recv message cmd REG_RSP, version:1, id:924238, key:877438701 from node2.askcoin.me:18050
2019-03-04 16:18:29.512865 [utc:1551687509] [info] src/net/p2p/node.cpp:161 try to connect peer from peer_score node1.askcoin.me:18050
2019-03-04 16:18:29.515295 [utc:1551687509] [info] src/fly/net/client.cpp:113 resolve ip success in client::connect host: node1.askcoin.me, ip: 80.85.84.155
2019-03-04 16:18:29.705838 [utc:1551687509] [info] src/net/p2p/node.cpp:996 close connection from node2.askcoin.me:18050 be closed
2019-03-04 16:18:29.705865 [utc:1551687509] [info] src/net/p2p/node.cpp:1011 unreg peer (node2.askcoin.me:18050) be closed
2019-03-04 16:18:29.753005 [utc:1551687509] [info] src/net/p2p/node.cpp:165 connect to peer (node1.askcoin.me:18050) success
2019-03-04 16:18:29.753062 [utc:1551687509] [info] src/net/p2p/node.cpp:161 try to connect peer from peer_score node2.askcoin.me:18050
2019-03-04 16:18:29.756356 [utc:1551687509] [info] src/fly/net/client.cpp:113 resolve ip success in client::connect host: node2.askcoin.me, ip: 172.104.160.8
2019-03-04 16:18:29.985611 [utc:1551687509] [info] src/net/p2p/node.cpp:550 unreg peer (m_state:1) recv message cmd REG_RSP, version:1, id:1454792, key:1921054737 from node1.askcoin.me:18050
2019-03-04 16:18:30.011757 [utc:1551687510] [info] src/net/p2p/node.cpp:165 connect to peer (node2.askcoin.me:18050) success
2019-03-04 16:18:30.264225 [utc:1551687510] [info] src/net/p2p/node.cpp:550 unreg peer (m_state:1) recv message cmd REG_RSP, version:1, id:924243, key:2626016361 from node2.askcoin.me:18050
2019-03-04 16:18:30.987189 [utc:1551687510] [info] src/net/p2p/node.cpp:996 close connection from node1.askcoin.me:18050 be closed
2019-03-04 16:18:30.987375 [utc:1551687510] [info] src/net/p2p/node.cpp:1011 unreg peer (node1.askcoin.me:18050) be closed
2019-03-04 16:18:31.013129 [utc:1551687511] [info] src/net/p2p/node.cpp:161 try to connect peer from peer_score node1.askcoin.me:18050
2019-03-04 16:18:31.018341 [utc:1551687511] [info] src/fly/net/client.cpp:113 resolve ip success in client::connect host: node1.askcoin.me, ip: 80.85.84.155
2019-03-04 16:18:31.251937 [utc:1551687511] [info] src/net/p2p/node.cpp:996 close connection from node2.askcoin.me:18050 be closed
2019-03-04 16:18:31.252087 [utc:1551687511] [info] src/net/p2p/node.cpp:1011 unreg peer (node2.askcoin.me:18050) be closed
2019-03-04 16:18:31.253697 [utc:1551687511] [info] src/net/p2p/node.cpp:165 connect to peer (node1.askcoin.me:18050) success
2019-03-04 16:18:31.253760 [utc:1551687511] [info] src/net/p2p/node.cpp:161 try to connect peer from peer_score node2.askcoin.me:18050
2019-03-04 16:18:31.256018 [utc:1551687511] [info] src/fly/net/client.cpp:113 resolve ip success in client::connect host: node2.askcoin.me, ip: 172.104.160.8
2019-03-04 16:18:31.487751 [utc:1551687511] [info] src/net/p2p/node.cpp:550 unreg peer (m_state:1) recv message cmd REG_RSP, version:1, id:1454795, key:3757418434 from node1.askcoin.me:18050
2019-03-04 16:18:31.553249 [utc:1551687511] [info] src/net/p2p/node.cpp:165 connect to peer (node2.askcoin.me:18050) success
2019-03-04 16:18:31.857488 [utc:1551687511] [info] src/net/p2p/node.cpp:550 unreg peer (m_state:1) recv message cmd REG_RSP, version:1, id:924245, key:3041165700 from node2.askcoin.me:18050
2019-03-04 16:18:32.495037 [utc:1551687512] [info] src/net/p2p/node.cpp:996 close connection from node1.askcoin.me:18050 be closed
2019-03-04 16:18:32.495103 [utc:1551687512] [info] src/net/p2p/node.cpp:1011 unreg peer (node1.askcoin.me:18050) be closed
2019-03-04 16:18:32.557177 [utc:1551687512] [info] src/net/p2p/node.cpp:161 try to connect peer from peer_score node1.askcoin.me:18050
2019-03-04 16:18:32.560400 [utc:1551687512] [info] src/fly/net/client.cpp:113 resolve ip success in client::connect host: node1.askcoin.me, ip: 80.85.84.155
2019-03-04 16:18:32.831662 [utc:1551687512] [info] src/net/p2p/node.cpp:165 connect to peer (node1.askcoin.me:18050) success
2019-03-04 16:18:32.862564 [utc:1551687512] [info] src/net/p2p/node.cpp:996 close connection from node2.askcoin.me:18050 be closed
2019-03-04 16:18:32.862739 [utc:1551687512] [info] src/net/p2p/node.cpp:1011 unreg peer (node2.askcoin.me:18050) be closed
2019-03-04 16:18:33.102708 [utc:1551687513] [info] src/net/p2p/node.cpp:550 unreg peer (m_state:1) recv message cmd REG_RSP, version:1, id:1454797, key:1699232533 from node1.askcoin.me:18050
2019-03-04 16:18:33.831832 [utc:1551687513] [info] src/net/p2p/node.cpp:161 try to connect peer from peer_score node2.askcoin.me:18050
2019-03-04 16:18:33.834359 [utc:1551687513] [info] src/fly/net/client.cpp:113 resolve ip success in client::connect host: node2.askcoin.me, ip: 172.104.160.8
2019-03-04 16:18:34.072258 [utc:1551687514] [info] src/net/p2p/node.cpp:165 connect to peer (node2.askcoin.me:18050) success
2019-03-04 16:18:34.105365 [utc:1551687514] [info] src/net/p2p/node.cpp:996 close connection from node1.askcoin.me:18050 be closed
2019-03-04 16:18:34.105445 [utc:1551687514] [info] src/net/p2p/node.cpp:1011 unreg peer (node1.askcoin.me:18050) be closed
2019-03-04 16:18:34.317845 [utc:1551687514] [info] src/net/p2p/node.cpp:550 unreg peer (m_state:1) recv message cmd REG_RSP, version:1, id:924247, key:3906972830 from node2.askcoin.me:18050
2019-03-04 16:18:34.401090 [utc:1551687514] [info] src/net/p2p/node.cpp:6096 return at function: broadcast
2019-03-04 16:18:35.073942 [utc:1551687515] [info] src/net/p2p/node.cpp:161 try to connect peer from peer_score node1.askcoin.me:18050
2019-03-04 16:18:35.077254 [utc:1551687515] [info] src/fly/net/client.cpp:113 resolve ip success in client::connect host: node1.askcoin.me, ip: 80.85.84.155
2019-03-04 16:18:35.327344 [utc:1551687515] [info] src/net/p2p/node.cpp:996 close connection from node2.askcoin.me:18050 be closed
2019-03-04 16:18:35.327405 [utc:1551687515] [info] src/net/p2p/node.cpp:1011 unreg peer (node2.askcoin.me:18050) be closed
2019-03-04 16:18:35.358867 [utc:1551687515] [info] src/net/p2p/node.cpp:165 connect to peer (node1.askcoin.me:18050) success
2019-03-04 16:18:35.358921 [utc:1551687515] [info] src/net/p2p/node.cpp:161 try to connect peer from peer_score node2.askcoin.me:18050
2019-03-04 16:18:35.361132 [utc:1551687515] [info] src/fly/net/client.cpp:113 resolve ip success in client::connect host: node2.askcoin.me, ip: 172.104.160.8
2019-03-04 16:18:35.639812 [utc:1551687515] [info] src/net/p2p/node.cpp:550 unreg peer (m_state:1) recv message cmd REG_RSP, version:1, id:1454802, key:3154531874 from node1.askcoin.me:18050
2019-03-04 16:18:35.664205 [utc:1551687515] [info] src/net/p2p/node.cpp:165 connect to peer (node2.askcoin.me:18050) success
2019-03-04 16:18:35.969936 [utc:1551687515] [info] src/net/p2p/node.cpp:550 unreg peer (m_state:1) recv message cmd REG_RSP, version:1, id:924250, key:1503782209 from node2.askcoin.me:18050
2019-03-04 16:18:36.642820 [utc:1551687516] [info] src/net/p2p/node.cpp:996 close connection from node1.askcoin.me:18050 be closed
2019-03-04 16:18:36.642892 [utc:1551687516] [info] src/net/p2p/node.cpp:1011 unreg peer (node1.askcoin.me:18050) be closed
2019-03-04 16:18:36.667453 [utc:1551687516] [info] src/net/p2p/node.cpp:161 try to connect peer from peer_score node1.askcoin.me:18050
2019-03-04 16:18:36.669660 [utc:1551687516] [info] src/fly/net/client.cpp:113 resolve ip success in client::connect host: node1.askcoin.me, ip: 80.85.84.155
2019-03-04 16:18:36.900042 [utc:1551687516] [info] src/net/p2p/node.cpp:165 connect to peer (node1.askcoin.me:18050) success
2019-03-04 16:18:36.977492 [utc:1551687516] [info] src/net/p2p/node.cpp:996 close connection from node2.askcoin.me:18050 be closed
2019-03-04 16:18:36.977536 [utc:1551687516] [info] src/net/p2p/node.cpp:1011 unreg peer (node2.askcoin.me:18050) be closed
2019-03-04 16:18:37.129854 [utc:1551687517] [info] src/net/p2p/node.cpp:550 unreg peer (m_state:1) recv message cmd REG_RSP, version:1, id:1454805, key:1202877486 from node1.askcoin.me:18050
2019-03-04 16:18:37.900251 [utc:1551687517] [info] src/net/p2p/node.cpp:161 try to connect peer from peer_score node2.askcoin.me:18050
2019-03-04 16:18:37.902498 [utc:1551687517] [info] src/fly/net/client.cpp:113 resolve ip success in client::connect host: node2.askcoin.me, ip: 172.104.160.8
2019-03-04 16:18:38.132287 [utc:1551687518] [info] src/net/p2p/node.cpp:996 close connection from node1.askcoin.me:18050 be closed
2019-03-04 16:18:38.132454 [utc:1551687518] [info] src/net/p2p/node.cpp:1011 unreg peer (node1.askcoin.me:18050) be closed
2019-03-04 16:18:38.904965 [utc:1551687518] [error] src/fly/net/client.cpp:140 connect failed, poll timeout
2019-03-04 16:18:38.905075 [utc:1551687518] [error] src/net/p2p/node.cpp:169 connect to peer (node2.askcoin.me:18050) failed
2019-03-04 16:18:39.905478 [utc:1551687519] [info] src/net/p2p/node.cpp:161 try to connect peer from peer_score node1.askcoin.me:18050
2019-03-04 16:18:39.908670 [utc:1551687519] [info] src/fly/net/client.cpp:113 resolve ip success in client::connect host: node1.askcoin.me, ip: 80.85.84.155
2019-03-04 16:18:40.139760 [utc:1551687520] [info] src/net/p2p/node.cpp:165 connect to peer (node1.askcoin.me:18050) success
2019-03-04 16:18:40.140589 [utc:1551687520] [info] src/net/p2p/node.cpp:161 try to connect peer from peer_score node2.askcoin.me:18050
2019-03-04 16:18:40.142755 [utc:1551687520] [info] src/fly/net/client.cpp:113 resolve ip success in client::connect host: node2.askcoin.me, ip: 172.104.160.8
2019-03-04 16:18:40.371435 [utc:1551687520] [info] src/net/p2p/node.cpp:550 unreg peer (m_state:1) recv message cmd REG_RSP, version:1, id:1454810, key:1407744613 from node1.askcoin.me:18050
2019-03-04 16:18:40.384360 [utc:1551687520] [info] src/net/p2p/node.cpp:165 connect to peer (node2.askcoin.me:18050) success
2019-03-04 16:18:40.618373 [utc:1551687520] [info] src/net/p2p/node.cpp:550 unreg peer (m_state:1) recv message cmd REG_RSP, version:1, id:924255, key:1516965995 from node2.askcoin.me:18050
2019-03-04 16:18:41.373523 [utc:1551687521] [info] src/net/p2p/node.cpp:996 close connection from node1.askcoin.me:18050 be closed
2019-03-04 16:18:41.373771 [utc:1551687521] [info] src/net/p2p/node.cpp:1011 unreg peer (node1.askcoin.me:18050) be closed
2019-03-04 16:18:41.385134 [utc:1551687521] [info] src/net/p2p/node.cpp:161 try to connect peer from peer_score node1.askcoin.me:18050
2019-03-04 16:18:41.388499 [utc:1551687521] [info] src/fly/net/client.cpp:113 resolve ip success in client::connect host: node1.askcoin.me, ip: 80.85.84.155
2019-03-04 16:18:41.602272 [utc:1551687521] [info] src/net/p2p/node.cpp:996 close connection from node2.askcoin.me:18050 be closed
2019-03-04 16:18:41.602353 [utc:1551687521] [info] src/net/p2p/node.cpp:1011 unreg peer (node2.askcoin.me:18050) be closed
2019-03-04 16:18:41.673895 [utc:1551687521] [info] src/net/p2p/node.cpp:165 connect to peer (node1.askcoin.me:18050) success
2019-03-04 16:18:41.673968 [utc:1551687521] [info] src/net/p2p/node.cpp:161 try to connect peer from peer_score node2.askcoin.me:18050
2019-03-04 16:18:41.677288 [utc:1551687521] [info] src/fly/net/client.cpp:113 resolve ip success in client::connect host: node2.askcoin.me, ip: 172.104.160.8
2019-03-04 16:18:41.945385 [utc:1551687521] [info] src/net/p2p/node.cpp:165 connect to peer (node2.askcoin.me:18050) success
2019-03-04 16:18:41.958788 [utc:1551687521] [info] src/net/p2p/node.cpp:550 unreg peer (m_state:1) recv message cmd REG_RSP, version:1, id:1454812, key:3246182015 from node1.askcoin.me:18050
2019-03-04 16:18:42.224737 [utc:1551687522] [info] src/net/p2p/node.cpp:550 unreg peer (m_state:1) recv message cmd REG_RSP, version:1, id:924257, key:2903611308 from node2.askcoin.me:18050
2019-03-04 16:18:43.248264 [utc:1551687523] [info] src/net/p2p/node.cpp:996 close connection from node2.askcoin.me:18050 be closed
2019-03-04 16:18:43.248346 [utc:1551687523] [info] src/net/p2p/node.cpp:1011 unreg peer (node2.askcoin.me:18050) be closed
2019-03-04 16:18:43.600198 [utc:1551687523] [info] src/net/p2p/node.cpp:996 close connection from node1.askcoin.me:18050 be closed
2019-03-04 16:18:43.600472 [utc:1551687523] [info] src/net/p2p/node.cpp:1011 unreg peer (node1.askcoin.me:18050) be closed
2019-03-04 16:18:43.946593 [utc:1551687523] [info] src/net/p2p/node.cpp:161 try to connect peer from peer_score node2.askcoin.me:18050
2019-03-04 16:18:43.950776 [utc:1551687523] [info] src/fly/net/client.cpp:113 resolve ip success in client::connect host: node2.askcoin.me, ip: 172.104.160.8
2019-03-04 16:18:44.246772 [utc:1551687524] [info] src/net/p2p/node.cpp:165 connect to peer (node2.askcoin.me:18050) success
2019-03-04 16:18:44.246846 [utc:1551687524] [info] src/net/p2p/node.cpp:161 try to connect peer from peer_score node1.askcoin.me:18050
2019-03-04 16:18:44.252954 [utc:1551687524] [info] src/fly/net/client.cpp:113 resolve ip success in client::connect host: node1.askcoin.me, ip: 80.85.84.155
2019-03-04 16:18:44.400971 [utc:1551687524] [info] src/net/p2p/node.cpp:6096 return at function: broadcast
2019-03-04 16:18:44.500507 [utc:1551687524] [info] src/net/p2p/node.cpp:165 connect to peer (node1.askcoin.me:18050) success
2019-03-04 16:18:44.534470 [utc:1551687524] [info] src/net/p2p/node.cpp:550 unreg peer (m_state:1) recv message cmd REG_RSP, version:1, id:924261, key:347191973 from node2.askcoin.me:18050
2019-03-04 16:18:44.754011 [utc:1551687524] [info] src/net/p2p/node.cpp:550 unreg peer (m_state:1) recv message cmd REG_RSP, version:1, id:1454816, key:2449284457 from node1.askcoin.me:18050
2019-03-04 16:18:45.521914 [utc:1551687525] [info] src/net/p2p/node.cpp:996 close connection from node2.askcoin.me:18050 be closed
2019-03-04 16:18:45.522097 [utc:1551687525] [info] src/net/p2p/node.cpp:1011 unreg peer (node2.askcoin.me:18050) be closed
2019-03-04 16:18:45.750614 [utc:1551687525] [info] src/net/p2p/node.cpp:996 close connection from node1.askcoin.me:18050 be closed
2019-03-04 16:18:45.750696 [utc:1551687525] [info] src/net/p2p/node.cpp:1011 unreg peer (node1.askcoin.me:18050) be closed
2019-03-04 16:18:46.502351 [utc:1551687526] [info] src/net/p2p/node.cpp:161 try to connect peer from peer_score node1.askcoin.me:18050
2019-03-04 16:18:46.504992 [utc:1551687526] [info] src/fly/net/client.cpp:113 resolve ip success in client::connect host: node1.askcoin.me, ip: 80.85.84.155
2019-03-04 16:18:46.748396 [utc:1551687526] [info] src/net/p2p/node.cpp:165 connect to peer (node1.askcoin.me:18050) success
2019-03-04 16:18:46.748500 [utc:1551687526] [info] src/net/p2p/node.cpp:161 try to connect peer from peer_score node2.askcoin.me:18050
2019-03-04 16:18:46.754919 [utc:1551687526] [info] src/fly/net/client.cpp:113 resolve ip success in client::connect host: node2.askcoin.me, ip: 172.104.160.8
2019-03-04 16:18:46.980237 [utc:1551687526] [info] src/net/p2p/node.cpp:550 unreg peer (m_state:1) recv message cmd REG_RSP, version:1, id:1454819, key:469415795 from node1.askcoin.me:18050
2019-03-04 16:18:47.760119 [utc:1551687527] [error] src/fly/net/client.cpp:140 connect failed, poll timeout
2019-03-04 16:18:47.760303 [utc:1551687527] [error] src/net/p2p/node.cpp:169 connect to peer (node2.askcoin.me:18050) failed
2019-03-04 16:18:47.980835 [utc:1551687527] [info] src/net/p2p/node.cpp:996 close connection from node1.askcoin.me:18050 be closed
2019-03-04 16:18:47.980884 [utc:1551687527] [info] src/net/p2p/node.cpp:1011 unreg peer (node1.askcoin.me:18050) be closed
2019-03-04 16:18:48.763555 [utc:1551687528] [info] src/net/p2p/node.cpp:161 try to connect peer from peer_score node1.askcoin.me:18050
2019-03-04 16:18:48.766177 [utc:1551687528] [info] src/fly/net/client.cpp:113 resolve ip success in client::connect host: node1.askcoin.me, ip: 80.85.84.155
2019-03-04 16:18:49.049300 [utc:1551687529] [info] src/net/p2p/node.cpp:165 connect to peer (node1.askcoin.me:18050) success
2019-03-04 16:18:49.049360 [utc:1551687529] [info] src/net/p2p/node.cpp:161 try to connect peer from peer_score node2.askcoin.me:18050
2019-03-04 16:18:49.052167 [utc:1551687529] [info] src/fly/net/client.cpp:113 resolve ip success in client::connect host: node2.askcoin.me, ip: 172.104.160.8
2019-03-04 16:18:49.266056 [utc:1551687529] [info] src/net/p2p/node.cpp:165 connect to peer (node2.askcoin.me:18050) success
2019-03-04 16:18:49.332205 [utc:1551687529] [info] src/net/p2p/node.cpp:550 unreg peer (m_state:1) recv message cmd REG_RSP, version:1, id:1454825, key:4133238661 from node1.askcoin.me:18050
2019-03-04 16:18:49.477859 [utc:1551687529] [info] src/net/p2p/node.cpp:550 unreg peer (m_state:1) recv message cmd REG_RSP, version:1, id:924265, key:1512859308 from node2.askcoin.me:18050
2019-03-04 16:18:50.333033 [utc:1551687530] [info] src/net/p2p/node.cpp:996 close connection from node1.askcoin.me:18050 be closed
2019-03-04 16:18:50.333285 [utc:1551687530] [info] src/net/p2p/node.cpp:1011 unreg peer (node1.askcoin.me:18050) be closed
2019-03-04 16:18:50.478721 [utc:1551687530] [info] src/net/p2p/node.cpp:996 close connection from node2.askcoin.me:18050 be closed
2019-03-04 16:18:50.478805 [utc:1551687530] [info] src/net/p2p/node.cpp:1011 unreg peer (node2.askcoin.me:18050) be closed
2019-03-04 16:18:51.268159 [utc:1551687531] [info] src/net/p2p/node.cpp:161 try to connect peer from peer_score node1.askcoin.me:18050
2019-03-04 16:18:51.283270 [utc:1551687531] [info] src/fly/net/client.cpp:113 resolve ip success in client::connect host: node1.askcoin.me, ip: 80.85.84.155
2019-03-04 16:18:52.285613 [utc:1551687532] [error] src/fly/net/client.cpp:140 connect failed, poll timeout
2019-03-04 16:18:52.285712 [utc:1551687532] [error] src/net/p2p/node.cpp:169 connect to peer (node1.askcoin.me:18050) failed
2019-03-04 16:18:53.286761 [utc:1551687533] [info] src/net/p2p/node.cpp:161 try to connect peer from peer_score node1.askcoin.me:18050
2019-03-04 16:18:53.289451 [utc:1551687533] [info] src/fly/net/client.cpp:113 resolve ip success in client::connect host: node1.askcoin.me, ip: 80.85.84.155
2019-03-04 16:18:53.522365 [utc:1551687533] [info] src/net/p2p/node.cpp:165 connect to peer (node1.askcoin.me:18050) success
2019-03-04 16:18:53.522456 [utc:1551687533] [info] src/net/p2p/node.cpp:161 try to connect peer from peer_score node2.askcoin.me:18050
2019-03-04 16:18:53.525017 [utc:1551687533] [info] src/fly/net/client.cpp:113 resolve ip success in client::connect host: node2.askcoin.me, ip: 172.104.160.8
2019-03-04 16:18:53.716519 [utc:1551687533] [info] src/net/p2p/node.cpp:165 connect to peer (node2.askcoin.me:18050) success
2019-03-04 16:18:53.754566 [utc:1551687533] [info] src/net/p2p/node.cpp:550 unreg peer (m_state:1) recv message cmd REG_RSP, version:1, id:1454831, key:1022070351 from node1.askcoin.me:18050
2019-03-04 16:18:53.910296 [utc:1551687533] [info] src/net/p2p/node.cpp:550 unreg peer (m_state:1) recv message cmd REG_RSP, version:1, id:924269, key:1340660834 from node2.askcoin.me:18050
2019-03-04 16:18:54.401161 [utc:1551687534] [info] src/net/p2p/node.cpp:6096 return at function: broadcast
2019-03-04 16:18:54.755953 [utc:1551687534] [info] src/net/p2p/node.cpp:996 close connection from node1.askcoin.me:18050 be closed
2019-03-04 16:18:54.756022 [utc:1551687534] [info] src/net/p2p/node.cpp:1011 unreg peer (node1.askcoin.me:18050) be closed
2019-03-04 16:18:54.909568 [utc:1551687534] [info] src/net/p2p/node.cpp:996 close connection from node2.askcoin.me:18050 be closed
2019-03-04 16:18:54.909633 [utc:1551687534] [info] src/net/p2p/node.cpp:1011 unreg peer (node2.askcoin.me:18050) be closed
2019-03-04 16:18:55.719809 [utc:1551687535] [info] src/net/p2p/node.cpp:161 try to connect peer from peer_score node1.askcoin.me:18050
2019-03-04 16:18:55.722769 [utc:1551687535] [info] src/fly/net/client.cpp:113 resolve ip success in client::connect host: node1.askcoin.me, ip: 80.85.84.155
2019-03-04 16:18:55.953694 [utc:1551687535] [info] src/net/p2p/node.cpp:165 connect to peer (node1.askcoin.me:18050) success
2019-03-04 16:18:55.953763 [utc:1551687535] [info] src/net/p2p/node.cpp:161 try to connect peer from peer_score node2.askcoin.me:18050
2019-03-04 16:18:55.957070 [utc:1551687535] [info] src/fly/net/client.cpp:113 resolve ip success in client::connect host: node2.askcoin.me, ip: 172.104.160.8
2019-03-04 16:18:56.184048 [utc:1551687536] [info] src/net/p2p/node.cpp:550 unreg peer (m_state:1) recv message cmd REG_RSP, version:1, id:1454836, key:3970187465 from node1.askcoin.me:18050
2019-03-04 16:18:56.233606 [utc:1551687536] [info] src/net/p2p/node.cpp:165 connect to peer (node2.askcoin.me:18050) success
2019-03-04 16:18:56.515924 [utc:1551687536] [info] src/net/p2p/node.cpp:550 unreg peer (m_state:1) recv message cmd REG_RSP, version:1, id:924272, key:1230946026 from node2.askcoin.me:18050
2019-03-04 16:18:57.185408 [utc:1551687537] [info] src/net/p2p/node.cpp:996 close connection from node1.askcoin.me:18050 be closed
2019-03-04 16:18:57.185497 [utc:1551687537] [info] src/net/p2p/node.cpp:1011 unreg peer (node1.askcoin.me:18050) be closed
2019-03-04 16:18:57.237625 [utc:1551687537] [info] src/net/p2p/node.cpp:161 try to connect peer from peer_score node1.askcoin.me:18050
2019-03-04 16:18:57.240785 [utc:1551687537] [info] src/fly/net/client.cpp:113 resolve ip success in client::connect host: node1.askcoin.me, ip: 80.85.84.155
2019-03-04 16:18:57.462890 [utc:1551687537] [info] src/net/p2p/node.cpp:165 connect to peer (node1.askcoin.me:18050) success
2019-03-04 16:18:57.506663 [utc:1551687537] [info] src/net/p2p/node.cpp:996 close connection from node2.askcoin.me:18050 be closed
2019-03-04 16:18:57.506962 [utc:1551687537] [info] src/net/p2p/node.cpp:1011 unreg peer (node2.askcoin.me:18050) be closed
2019-03-04 16:18:57.684777 [utc:1551687537] [info] src/net/p2p/node.cpp:550 unreg peer (m_state:1) recv message cmd REG_RSP, version:1, id:1454839, key:1241020756 from node1.askcoin.me:18050
2019-03-04 16:18:58.463833 [utc:1551687538] [info] src/net/p2p/node.cpp:161 try to connect peer from peer_score node2.askcoin.me:18050
2019-03-04 16:18:58.466178 [utc:1551687538] [info] src/fly/net/client.cpp:113 resolve ip success in client::connect host: node2.askcoin.me, ip: 172.104.160.8
2019-03-04 16:18:58.686934 [utc:1551687538] [info] src/net/p2p/node.cpp:996 close connection from node1.askcoin.me:18050 be closed
2019-03-04 16:18:58.687016 [utc:1551687538] [info] src/net/p2p/node.cpp:1011 unreg peer (node1.askcoin.me:18050) be closed
2019-03-04 16:18:58.726819 [utc:1551687538] [info] src/net/p2p/node.cpp:165 connect to peer (node2.askcoin.me:18050) success
2019-03-04 16:18:58.726889 [utc:1551687538] [info] src/net/p2p/node.cpp:161 try to connect peer from peer_score node1.askcoin.me:18050
2019-03-04 16:18:58.729763 [utc:1551687538] [info] src/fly/net/client.cpp:113 resolve ip success in client::connect host: node1.askcoin.me, ip: 80.85.84.155
2019-03-04 16:18:58.996870 [utc:1551687538] [info] src/net/p2p/node.cpp:550 unreg peer (m_state:1) recv message cmd REG_RSP, version:1, id:924275, key:797585909 from node2.askcoin.me:18050
2019-03-04 16:18:59.016832 [utc:1551687539] [info] src/net/p2p/node.cpp:165 connect to peer (node1.askcoin.me:18050) success
2019-03-04 16:18:59.299289 [utc:1551687539] [info] src/net/p2p/node.cpp:550 unreg peer (m_state:1) recv message cmd REG_RSP, version:1, id:1454842, key:2908266095 from node1.askcoin.me:18050
2019-03-04 16:19:00.002658 [utc:1551687540] [info] src/net/p2p/node.cpp:996 close connection from node2.askcoin.me:18050 be closed
2019-03-04 16:19:00.002974 [utc:1551687540] [info] src/net/p2p/node.cpp:1011 unreg peer (node2.askcoin.me:18050) be closed
2019-03-04 16:19:00.018259 [utc:1551687540] [info] src/net/p2p/node.cpp:161 try to connect peer from peer_score node2.askcoin.me:18050
2019-03-04 16:19:00.020741 [utc:1551687540] [info] src/fly/net/client.cpp:113 resolve ip success in client::connect host: node2.askcoin.me, ip: 172.104.160.8
2019-03-04 16:19:00.227487 [utc:1551687540] [info] src/net/p2p/node.cpp:165 connect to peer (node2.askcoin.me:18050) success
2019-03-04 16:19:00.300188 [utc:1551687540] [info] src/net/p2p/node.cpp:996 close connection from node1.askcoin.me:18050 be closed
2019-03-04 16:19:00.300430 [utc:1551687540] [info] src/net/p2p/node.cpp:1011 unreg peer (node1.askcoin.me:18050) be closed
2019-03-04 16:19:00.436143 [utc:1551687540] [info] src/net/p2p/node.cpp:550 unreg peer (m_state:1) recv message cmd REG_RSP, version:1, id:924279, key:172929157 from node2.askcoin.me:18050
2019-03-04 16:19:00.548296 [utc:1551687540] [info] src/net/api/wsock_node.cpp:64 stop websocket node success
2019-03-04 16:19:00.548363 [utc:1551687540] [info] src/net/p2p/node.cpp:78 stop p2p node success
2019-03-04 16:19:01.232108 [utc:1551687541] [info] src/askcoin.cpp:557 stop askcoin success
